Starting file reorganization...
Moved: /home/abhinav/ANT-OS/branding/grub/background.png → /home/abhinav/ANT-OS/usr/share/icons/background.png
Moved: /home/abhinav/ANT-OS/branding/plymouth/mint-logo.png → /home/abhinav/ANT-OS/usr/share/icons/mint-logo.png
Moved: /home/abhinav/ANT-OS/move_backup.log → /home/abhinav/ANT-OS/var/log/move_backup.log
Moved: /home/abhinav/ANT-OS/linuxmint-source/mintupdate/usr/lib/linuxmint/mintUpdate/dpkg_lock_check.sh → /home/abhinav/ANT-OS/usr/bin/dpkg_lock_check.sh
Moved: /home/abhinav/ANT-OS/linuxmint-source/mintupdate/usr/lib/linuxmint/mintUpdate/rel_upgrades/failure.png → /home/abhinav/ANT-OS/usr/share/icons/failure.png
Moved: /home/abhinav/ANT-OS/linuxmint-source/mintupdate/usr/lib/linuxmint/mintUpdate/rel_upgrades/risks.png → /home/abhinav/ANT-OS/usr/share/icons/risks.png
Moved: /home/abhinav/ANT-OS/linuxmint-source/mintupdate/usr/lib/linuxmint/mintUpdate/rel_upgrades/info.png → /home/abhinav/ANT-OS/usr/share/icons/info.png
Moved: /home/abhinav/ANT-OS/linuxmint-source/mintupdate/usr/lib/linuxmint/mintUpdate/rel_upgrades/success.png → /home/abhinav/ANT-OS/usr/share/icons/success.png
Moved: /home/abhinav/ANT-OS/linuxmint-source/mintupdate/usr/lib/linuxmint/mintUpdate/rel_upgrades/features.png → /home/abhinav/ANT-OS/usr/share/icons/features.png
Moved: /home/abhinav/ANT-OS/linuxmint-source/mintupdate/usr/share/icons/hicolor/scalable/status/mintupdate-type-security-symbolic.svg → /home/abhinav/ANT-OS/usr/share/icons/mintupdate-type-security-symbolic.svg
Moved: /home/abhinav/ANT-OS/linuxmint-source/mintupdate/usr/share/icons/hicolor/scalable/status/mintupdate-type-unstable-symbolic.svg → /home/abhinav/ANT-OS/usr/share/icons/mintupdate-type-unstable-symbolic.svg
Moved: /home/abhinav/ANT-OS/linuxmint-source/mintupdate/usr/share/icons/hicolor/scalable/status/mintupdate-up-to-date-symbolic.svg → /home/abhinav/ANT-OS/usr/share/icons/mintupdate-up-to-date-symbolic.svg
Moved: /home/abhinav/ANT-OS/linuxmint-source/mintupdate/usr/share/icons/hicolor/scalable/status/mintupdate-type-flatpak-symbolic.svg → /home/abhinav/ANT-OS/usr/share/icons/mintupdate-type-flatpak-symbolic.svg
Moved: /home/abhinav/ANT-OS/linuxmint-source/mintupdate/usr/share/icons/hicolor/scalable/status/mintupdate-checking-symbolic.svg → /home/abhinav/ANT-OS/usr/share/icons/mintupdate-checking-symbolic.svg
Moved: /home/abhinav/ANT-OS/linuxmint-source/mintupdate/usr/share/icons/hicolor/scalable/status/mintupdate-action-install-symbolic.svg → /home/abhinav/ANT-OS/usr/share/icons/mintupdate-action-install-symbolic.svg
Moved: /home/abhinav/ANT-OS/linuxmint-source/mintupdate/usr/share/icons/hicolor/scalable/status/mintupdate-type-kernel-symbolic.svg → /home/abhinav/ANT-OS/usr/share/icons/mintupdate-type-kernel-symbolic.svg
Moved: /home/abhinav/ANT-OS/linuxmint-source/mintupdate/usr/share/icons/hicolor/scalable/status/mintupdate-error-symbolic.svg → /home/abhinav/ANT-OS/usr/share/icons/mintupdate-error-symbolic.svg
Moved: /home/abhinav/ANT-OS/linuxmint-source/mintupdate/usr/share/icons/hicolor/scalable/status/mintupdate-installing-symbolic.svg → /home/abhinav/ANT-OS/usr/share/icons/mintupdate-installing-symbolic.svg
Moved: /home/abhinav/ANT-OS/linuxmint-source/mintupdate/usr/share/icons/hicolor/scalable/status/mintupdate-updates-available-symbolic.svg → /home/abhinav/ANT-OS/usr/share/icons/mintupdate-updates-available-symbolic.svg
Moved: /home/abhinav/ANT-OS/linuxmint-source/mintupdate/usr/share/icons/hicolor/scalable/status/mintupdate-type-package-symbolic.svg → /home/abhinav/ANT-OS/usr/share/icons/mintupdate-type-package-symbolic.svg
Moved: /home/abhinav/ANT-OS/linuxmint-source/mintupdate/usr/share/icons/hicolor/scalable/status/mintupdate-type-3rd-party-symbolic.svg → /home/abhinav/ANT-OS/usr/share/icons/mintupdate-type-3rd-party-symbolic.svg
Moved: /home/abhinav/ANT-OS/linuxmint-source/mintupdate/usr/share/icons/hicolor/32x32/apps/mintupdate-release-upgrade.png → /home/abhinav/ANT-OS/usr/share/icons/mintupdate-release-upgrade.png
Moved: /home/abhinav/ANT-OS/linuxmint-source/mintupdate/usr/share/icons/hicolor/32x32/apps/mintupdate.png → /home/abhinav/ANT-OS/usr/share/icons/mintupdate.png
Moved: /home/abhinav/ANT-OS/linuxmint-source/mintupdate/usr/share/icons/hicolor/32x32/apps/software-properties.png → /home/abhinav/ANT-OS/usr/share/icons/software-properties.png
Moved: /home/abhinav/ANT-OS/linuxmint-source/mintupdate/usr/share/icons/hicolor/32x32/status/mintupdate-up-to-date.png → /home/abhinav/ANT-OS/usr/share/icons/mintupdate-up-to-date.png
Moved: /home/abhinav/ANT-OS/linuxmint-source/mintupdate/usr/share/icons/hicolor/32x32/status/mintupdate-type-unstable.png → /home/abhinav/ANT-OS/usr/share/icons/mintupdate-type-unstable.png
Moved: /home/abhinav/ANT-OS/linuxmint-source/mintupdate/usr/share/icons/hicolor/32x32/status/mintupdate-type-package.png → /home/abhinav/ANT-OS/usr/share/icons/mintupdate-type-package.png
Moved: /home/abhinav/ANT-OS/linuxmint-source/mintupdate/usr/share/icons/hicolor/32x32/status/mintupdate-type-backport.png → /home/abhinav/ANT-OS/usr/share/icons/mintupdate-type-backport.png
Moved: /home/abhinav/ANT-OS/linuxmint-source/mintupdate/usr/share/icons/hicolor/32x32/status/mintupdate-type-kernel.png → /home/abhinav/ANT-OS/usr/share/icons/mintupdate-type-kernel.png
Moved: /home/abhinav/ANT-OS/linuxmint-source/mintupdate/usr/share/icons/hicolor/32x32/status/mintupdate-type-security.png → /home/abhinav/ANT-OS/usr/share/icons/mintupdate-type-security.png
Moved: /home/abhinav/ANT-OS/linuxmint-source/mintupdate/usr/share/icons/hicolor/32x32/status/mintupdate-installing.png → /home/abhinav/ANT-OS/usr/share/icons/mintupdate-installing.png
Moved: /home/abhinav/ANT-OS/linuxmint-source/mintupdate/usr/share/icons/hicolor/32x32/status/mintupdate-updates-available.png → /home/abhinav/ANT-OS/usr/share/icons/mintupdate-updates-available.png
Moved: /home/abhinav/ANT-OS/linuxmint-source/mintupdate/usr/share/icons/hicolor/32x32/status/mintupdate-error.png → /home/abhinav/ANT-OS/usr/share/icons/mintupdate-error.png
Moved: /home/abhinav/ANT-OS/linuxmint-source/mintupdate/usr/share/icons/hicolor/32x32/status/mintupdate-checking.png → /home/abhinav/ANT-OS/usr/share/icons/mintupdate-checking.png
Moved: /home/abhinav/ANT-OS/linuxmint-source/mintupdate/usr/share/icons/hicolor/24x24/apps/mintupdate-release-upgrade.png → /home/abhinav/ANT-OS/usr/share/icons/mintupdate-release-upgrade.png
Moved: /home/abhinav/ANT-OS/linuxmint-source/mintupdate/usr/share/icons/hicolor/24x24/apps/mintupdate.png → /home/abhinav/ANT-OS/usr/share/icons/mintupdate.png
Moved: /home/abhinav/ANT-OS/linuxmint-source/mintupdate/usr/share/icons/hicolor/24x24/apps/software-properties.png → /home/abhinav/ANT-OS/usr/share/icons/software-properties.png
Moved: /home/abhinav/ANT-OS/linuxmint-source/mintupdate/usr/share/icons/hicolor/24x24/status/mintupdate-up-to-date.png → /home/abhinav/ANT-OS/usr/share/icons/mintupdate-up-to-date.png
Moved: /home/abhinav/ANT-OS/linuxmint-source/mintupdate/usr/share/icons/hicolor/24x24/status/mintupdate-type-unstable.png → /home/abhinav/ANT-OS/usr/share/icons/mintupdate-type-unstable.png
Moved: /home/abhinav/ANT-OS/linuxmint-source/mintupdate/usr/share/icons/hicolor/24x24/status/mintupdate-type-package.png → /home/abhinav/ANT-OS/usr/share/icons/mintupdate-type-package.png
Moved: /home/abhinav/ANT-OS/linuxmint-source/mintupdate/usr/share/icons/hicolor/24x24/status/mintupdate-type-backport.png → /home/abhinav/ANT-OS/usr/share/icons/mintupdate-type-backport.png
Moved: /home/abhinav/ANT-OS/linuxmint-source/mintupdate/usr/share/icons/hicolor/24x24/status/mintupdate-type-kernel.png → /home/abhinav/ANT-OS/usr/share/icons/mintupdate-type-kernel.png
Moved: /home/abhinav/ANT-OS/linuxmint-source/mintupdate/usr/share/icons/hicolor/24x24/status/mintupdate-type-security.png → /home/abhinav/ANT-OS/usr/share/icons/mintupdate-type-security.png
Moved: /home/abhinav/ANT-OS/linuxmint-source/mintupdate/usr/share/icons/hicolor/24x24/status/mintupdate-installing.png → /home/abhinav/ANT-OS/usr/share/icons/mintupdate-installing.png
Moved: /home/abhinav/ANT-OS/linuxmint-source/mintupdate/usr/share/icons/hicolor/24x24/status/mintupdate-updates-available.png → /home/abhinav/ANT-OS/usr/share/icons/mintupdate-updates-available.png
Moved: /home/abhinav/ANT-OS/linuxmint-source/mintupdate/usr/share/icons/hicolor/24x24/status/mintupdate-error.png → /home/abhinav/ANT-OS/usr/share/icons/mintupdate-error.png
Moved: /home/abhinav/ANT-OS/linuxmint-source/mintupdate/usr/share/icons/hicolor/24x24/status/mintupdate-checking.png → /home/abhinav/ANT-OS/usr/share/icons/mintupdate-checking.png
Moved: /home/abhinav/ANT-OS/linuxmint-source/mintupdate/usr/share/icons/hicolor/22x22/apps/mintupdate-release-upgrade.png → /home/abhinav/ANT-OS/usr/share/icons/mintupdate-release-upgrade.png
Moved: /home/abhinav/ANT-OS/linuxmint-source/mintupdate/usr/share/icons/hicolor/22x22/apps/mintupdate.png → /home/abhinav/ANT-OS/usr/share/icons/mintupdate.png
Moved: /home/abhinav/ANT-OS/linuxmint-source/mintupdate/usr/share/icons/hicolor/22x22/apps/software-properties.png → /home/abhinav/ANT-OS/usr/share/icons/software-properties.png
Moved: /home/abhinav/ANT-OS/linuxmint-source/mintupdate/usr/share/icons/hicolor/22x22/status/mintupdate-up-to-date.png → /home/abhinav/ANT-OS/usr/share/icons/mintupdate-up-to-date.png
Moved: /home/abhinav/ANT-OS/linuxmint-source/mintupdate/usr/share/icons/hicolor/22x22/status/mintupdate-type-unstable.png → /home/abhinav/ANT-OS/usr/share/icons/mintupdate-type-unstable.png
Moved: /home/abhinav/ANT-OS/linuxmint-source/mintupdate/usr/share/icons/hicolor/22x22/status/mintupdate-type-package.png → /home/abhinav/ANT-OS/usr/share/icons/mintupdate-type-package.png
Moved: /home/abhinav/ANT-OS/linuxmint-source/mintupdate/usr/share/icons/hicolor/22x22/status/mintupdate-type-backport.png → /home/abhinav/ANT-OS/usr/share/icons/mintupdate-type-backport.png
Moved: /home/abhinav/ANT-OS/linuxmint-source/mintupdate/usr/share/icons/hicolor/22x22/status/mintupdate-type-kernel.png → /home/abhinav/ANT-OS/usr/share/icons/mintupdate-type-kernel.png
Moved: /home/abhinav/ANT-OS/linuxmint-source/mintupdate/usr/share/icons/hicolor/22x22/status/mintupdate-type-security.png → /home/abhinav/ANT-OS/usr/share/icons/mintupdate-type-security.png
Moved: /home/abhinav/ANT-OS/linuxmint-source/mintupdate/usr/share/icons/hicolor/22x22/status/mintupdate-installing.png → /home/abhinav/ANT-OS/usr/share/icons/mintupdate-installing.png
Moved: /home/abhinav/ANT-OS/linuxmint-source/mintupdate/usr/share/icons/hicolor/22x22/status/mintupdate-updates-available.png → /home/abhinav/ANT-OS/usr/share/icons/mintupdate-updates-available.png
Moved: /home/abhinav/ANT-OS/linuxmint-source/mintupdate/usr/share/icons/hicolor/22x22/status/mintupdate-error.png → /home/abhinav/ANT-OS/usr/share/icons/mintupdate-error.png
Moved: /home/abhinav/ANT-OS/linuxmint-source/mintupdate/usr/share/icons/hicolor/22x22/status/mintupdate-checking.png → /home/abhinav/ANT-OS/usr/share/icons/mintupdate-checking.png
Moved: /home/abhinav/ANT-OS/linuxmint-source/mintupdate/usr/share/icons/hicolor/16x16/apps/mintupdate-release-upgrade.png → /home/abhinav/ANT-OS/usr/share/icons/mintupdate-release-upgrade.png
Moved: /home/abhinav/ANT-OS/linuxmint-source/mintupdate/usr/share/icons/hicolor/16x16/apps/mintupdate.png → /home/abhinav/ANT-OS/usr/share/icons/mintupdate.png
Moved: /home/abhinav/ANT-OS/linuxmint-source/mintupdate/usr/share/icons/hicolor/16x16/apps/software-properties.png → /home/abhinav/ANT-OS/usr/share/icons/software-properties.png
Moved: /home/abhinav/ANT-OS/linuxmint-source/mintupdate/usr/share/icons/hicolor/16x16/status/mintupdate-up-to-date.png → /home/abhinav/ANT-OS/usr/share/icons/mintupdate-up-to-date.png
Moved: /home/abhinav/ANT-OS/linuxmint-source/mintupdate/usr/share/icons/hicolor/16x16/status/mintupdate-type-unstable.png → /home/abhinav/ANT-OS/usr/share/icons/mintupdate-type-unstable.png
Moved: /home/abhinav/ANT-OS/linuxmint-source/mintupdate/usr/share/icons/hicolor/16x16/status/mintupdate-type-package.png → /home/abhinav/ANT-OS/usr/share/icons/mintupdate-type-package.png
Moved: /home/abhinav/ANT-OS/linuxmint-source/mintupdate/usr/share/icons/hicolor/16x16/status/mintupdate-type-backport.png → /home/abhinav/ANT-OS/usr/share/icons/mintupdate-type-backport.png
Moved: /home/abhinav/ANT-OS/linuxmint-source/mintupdate/usr/share/icons/hicolor/16x16/status/mintupdate-type-kernel.png → /home/abhinav/ANT-OS/usr/share/icons/mintupdate-type-kernel.png
Moved: /home/abhinav/ANT-OS/linuxmint-source/mintupdate/usr/share/icons/hicolor/16x16/status/mintupdate-type-security.png → /home/abhinav/ANT-OS/usr/share/icons/mintupdate-type-security.png
Moved: /home/abhinav/ANT-OS/linuxmint-source/mintupdate/usr/share/icons/hicolor/16x16/status/mintupdate-installing.png → /home/abhinav/ANT-OS/usr/share/icons/mintupdate-installing.png
Moved: /home/abhinav/ANT-OS/linuxmint-source/mintupdate/usr/share/icons/hicolor/16x16/status/mintupdate-updates-available.png → /home/abhinav/ANT-OS/usr/share/icons/mintupdate-updates-available.png
Moved: /home/abhinav/ANT-OS/linuxmint-source/mintupdate/usr/share/icons/hicolor/16x16/status/mintupdate-error.png → /home/abhinav/ANT-OS/usr/share/icons/mintupdate-error.png
Moved: /home/abhinav/ANT-OS/linuxmint-source/mintupdate/usr/share/icons/hicolor/16x16/status/mintupdate-checking.png → /home/abhinav/ANT-OS/usr/share/icons/mintupdate-checking.png
Moved: /home/abhinav/ANT-OS/linuxmint-source/mintupdate/usr/share/icons/hicolor/96x96/apps/mintupdate.svg → /home/abhinav/ANT-OS/usr/share/icons/mintupdate.svg
Moved: /home/abhinav/ANT-OS/linuxmint-source/mintupdate/usr/share/icons/hicolor/96x96/apps/mintupdate-release-upgrade.svg → /home/abhinav/ANT-OS/usr/share/icons/mintupdate-release-upgrade.svg
Moved: /home/abhinav/ANT-OS/linuxmint-source/mintupdate/usr/share/icons/hicolor/96x96/apps/software-properties.svg → /home/abhinav/ANT-OS/usr/share/icons/software-properties.svg
Moved: /home/abhinav/ANT-OS/linuxmint-source/mintupdate/usr/share/icons/hicolor/96x96/status/mintupdate-type-backport.svg → /home/abhinav/ANT-OS/usr/share/icons/mintupdate-type-backport.svg
Moved: /home/abhinav/ANT-OS/linuxmint-source/mintupdate/usr/share/icons/hicolor/96x96/status/mintupdate-updates-available.svg → /home/abhinav/ANT-OS/usr/share/icons/mintupdate-updates-available.svg
Moved: /home/abhinav/ANT-OS/linuxmint-source/mintupdate/usr/share/icons/hicolor/96x96/status/mintupdate-type-kernel.svg → /home/abhinav/ANT-OS/usr/share/icons/mintupdate-type-kernel.svg
Moved: /home/abhinav/ANT-OS/linuxmint-source/mintupdate/usr/share/icons/hicolor/96x96/status/mintupdate-type-security.svg → /home/abhinav/ANT-OS/usr/share/icons/mintupdate-type-security.svg
Moved: /home/abhinav/ANT-OS/linuxmint-source/mintupdate/usr/share/icons/hicolor/96x96/status/mintupdate-type-package.svg → /home/abhinav/ANT-OS/usr/share/icons/mintupdate-type-package.svg
Moved: /home/abhinav/ANT-OS/linuxmint-source/mintupdate/usr/share/icons/hicolor/96x96/status/mintupdate-error.svg → /home/abhinav/ANT-OS/usr/share/icons/mintupdate-error.svg
Moved: /home/abhinav/ANT-OS/linuxmint-source/mintupdate/usr/share/icons/hicolor/96x96/status/mintupdate-installing.svg → /home/abhinav/ANT-OS/usr/share/icons/mintupdate-installing.svg
Moved: /home/abhinav/ANT-OS/linuxmint-source/mintupdate/usr/share/icons/hicolor/96x96/status/mintupdate-checking.svg → /home/abhinav/ANT-OS/usr/share/icons/mintupdate-checking.svg
Moved: /home/abhinav/ANT-OS/linuxmint-source/mintupdate/usr/share/icons/hicolor/96x96/status/mintupdate-up-to-date.svg → /home/abhinav/ANT-OS/usr/share/icons/mintupdate-up-to-date.svg
Moved: /home/abhinav/ANT-OS/linuxmint-source/mintupdate/usr/share/icons/hicolor/96x96/status/mintupdate-type-unstable.svg → /home/abhinav/ANT-OS/usr/share/icons/mintupdate-type-unstable.svg
Moved: /home/abhinav/ANT-OS/linuxmint-source/mintupdate/usr/share/icons/hicolor/48x48/apps/mintupdate-release-upgrade.png → /home/abhinav/ANT-OS/usr/share/icons/mintupdate-release-upgrade.png
Moved: /home/abhinav/ANT-OS/linuxmint-source/mintupdate/usr/share/icons/hicolor/48x48/apps/mintupdate.png → /home/abhinav/ANT-OS/usr/share/icons/mintupdate.png
Moved: /home/abhinav/ANT-OS/linuxmint-source/mintupdate/usr/share/icons/hicolor/48x48/apps/software-properties.png → /home/abhinav/ANT-OS/usr/share/icons/software-properties.png
Moved: /home/abhinav/ANT-OS/linuxmint-source/mintupdate/usr/share/icons/hicolor/48x48/status/mintupdate-up-to-date.png → /home/abhinav/ANT-OS/usr/share/icons/mintupdate-up-to-date.png
Moved: /home/abhinav/ANT-OS/linuxmint-source/mintupdate/usr/share/icons/hicolor/48x48/status/mintupdate-type-unstable.png → /home/abhinav/ANT-OS/usr/share/icons/mintupdate-type-unstable.png
Moved: /home/abhinav/ANT-OS/linuxmint-source/mintupdate/usr/share/icons/hicolor/48x48/status/mintupdate-type-package.png → /home/abhinav/ANT-OS/usr/share/icons/mintupdate-type-package.png
Moved: /home/abhinav/ANT-OS/linuxmint-source/mintupdate/usr/share/icons/hicolor/48x48/status/mintupdate-type-backport.png → /home/abhinav/ANT-OS/usr/share/icons/mintupdate-type-backport.png
Moved: /home/abhinav/ANT-OS/linuxmint-source/mintupdate/usr/share/icons/hicolor/48x48/status/mintupdate-type-kernel.png → /home/abhinav/ANT-OS/usr/share/icons/mintupdate-type-kernel.png
Moved: /home/abhinav/ANT-OS/linuxmint-source/mintupdate/usr/share/icons/hicolor/48x48/status/mintupdate-type-security.png → /home/abhinav/ANT-OS/usr/share/icons/mintupdate-type-security.png
Moved: /home/abhinav/ANT-OS/linuxmint-source/mintupdate/usr/share/icons/hicolor/48x48/status/mintupdate-installing.png → /home/abhinav/ANT-OS/usr/share/icons/mintupdate-installing.png
Moved: /home/abhinav/ANT-OS/linuxmint-source/mintupdate/usr/share/icons/hicolor/48x48/status/mintupdate-updates-available.png → /home/abhinav/ANT-OS/usr/share/icons/mintupdate-updates-available.png
Moved: /home/abhinav/ANT-OS/linuxmint-source/mintupdate/usr/share/icons/hicolor/48x48/status/mintupdate-error.png → /home/abhinav/ANT-OS/usr/share/icons/mintupdate-error.png
Moved: /home/abhinav/ANT-OS/linuxmint-source/mintupdate/usr/share/icons/hicolor/48x48/status/mintupdate-checking.png → /home/abhinav/ANT-OS/usr/share/icons/mintupdate-checking.png
Moved: /home/abhinav/ANT-OS/linuxmint-source/mintupdate/usr/share/linuxmint/mintupdate/automation/autoremove.sh → /home/abhinav/ANT-OS/usr/bin/autoremove.sh
Moved: /home/abhinav/ANT-OS/linuxmint-source/mintmenu/usr/lib/linuxmint/mintMenu/dotted.png → /home/abhinav/ANT-OS/usr/share/icons/dotted.png
Moved: /home/abhinav/ANT-OS/linuxmint-source/mintmenu/usr/lib/linuxmint/mintMenu/search_engines/wikipedia.svg → /home/abhinav/ANT-OS/usr/share/icons/wikipedia.svg
Moved: /home/abhinav/ANT-OS/linuxmint-source/mintmenu/usr/lib/linuxmint/mintMenu/search_engines/ddg.svg → /home/abhinav/ANT-OS/usr/share/icons/ddg.svg
Moved: /home/abhinav/ANT-OS/linuxmint-source/mintmenu/usr/lib/linuxmint/mintMenu/search_engines/tutorials.png → /home/abhinav/ANT-OS/usr/share/icons/tutorials.png
Moved: /home/abhinav/ANT-OS/linuxmint-source/mintmenu/usr/lib/linuxmint/mintMenu/search_engines/users.png → /home/abhinav/ANT-OS/usr/share/icons/users.png
Moved: /home/abhinav/ANT-OS/linuxmint-source/mintmenu/usr/lib/linuxmint/mintMenu/search_engines/ideas.png → /home/abhinav/ANT-OS/usr/share/icons/ideas.png
Moved: /home/abhinav/ANT-OS/linuxmint-source/mintmenu/usr/lib/linuxmint/mintMenu/search_engines/hardware.png → /home/abhinav/ANT-OS/usr/share/icons/hardware.png
Moved: /home/abhinav/ANT-OS/linuxmint-source/mintmenu/usr/lib/linuxmint/mintMenu/search_engines/software.png → /home/abhinav/ANT-OS/usr/share/icons/software.png
Moved: /home/abhinav/ANT-OS/linuxmint-source/mintmenu/usr/lib/linuxmint/mintMenu/icon.svg → /home/abhinav/ANT-OS/usr/share/icons/icon.svg
Moved: /home/abhinav/ANT-OS/linuxmint-source/mintmenu/usr/lib/linuxmint/mintMenu/visualisation-logo.png → /home/abhinav/ANT-OS/usr/share/icons/visualisation-logo.png
Moved: /home/abhinav/ANT-OS/linuxmint-source/mintmenu/usr/share/pixmaps/mintmenu.svg → /home/abhinav/ANT-OS/usr/share/icons/mintmenu.svg
Moved: /home/abhinav/ANT-OS/linuxmint-source/mintmenu/usr/share/icons/hicolor/scalable/categories/mintmenu-all-applications-symbolic.svg → /home/abhinav/ANT-OS/usr/share/icons/mintmenu-all-applications-symbolic.svg
Moved: /home/abhinav/ANT-OS/linuxmint-source/mintdesktop/etc/compizconfig/mint.conf → /home/abhinav/ANT-OS/etc/mint.conf
Moved: /home/abhinav/ANT-OS/linuxmint-source/mint-common/usr/share/pixmaps/faces/7_elephant.png → /home/abhinav/ANT-OS/usr/share/icons/7_elephant.png
Moved: /home/abhinav/ANT-OS/linuxmint-source/mint-common/usr/share/pixmaps/faces/7_dog.png → /home/abhinav/ANT-OS/usr/share/icons/7_dog.png
Moved: /home/abhinav/ANT-OS/linuxmint-source/mint-common/usr/share/pixmaps/faces/6_butterfly.png → /home/abhinav/ANT-OS/usr/share/icons/6_butterfly.png
Moved: /home/abhinav/ANT-OS/linuxmint-source/mint-common/usr/share/pixmaps/faces/7_panda.png → /home/abhinav/ANT-OS/usr/share/icons/7_panda.png
Moved: /home/abhinav/ANT-OS/linuxmint-source/mint-common/usr/share/pixmaps/faces/7_lion.png → /home/abhinav/ANT-OS/usr/share/icons/7_lion.png
Moved: /home/abhinav/ANT-OS/linuxmint-source/mint-common/usr/share/pixmaps/faces/7_tucan.png → /home/abhinav/ANT-OS/usr/share/icons/7_tucan.png
Moved: /home/abhinav/ANT-OS/linuxmint-source/mint-common/usr/share/pixmaps/faces/7_fox.png → /home/abhinav/ANT-OS/usr/share/icons/7_fox.png
Moved: /home/abhinav/ANT-OS/linuxmint-source/mint-common/usr/share/pixmaps/faces/2_10.png → /home/abhinav/ANT-OS/usr/share/icons/2_10.png
Moved: /home/abhinav/ANT-OS/linuxmint-source/mint-common/usr/share/pixmaps/faces/7_bat.png → /home/abhinav/ANT-OS/usr/share/icons/7_bat.png
Moved: /home/abhinav/ANT-OS/linuxmint-source/mint-common/usr/share/pixmaps/faces/2_12.png → /home/abhinav/ANT-OS/usr/share/icons/2_12.png
Moved: /home/abhinav/ANT-OS/linuxmint-source/mint-common/usr/share/pixmaps/faces/2_11.png → /home/abhinav/ANT-OS/usr/share/icons/2_11.png
Moved: /home/abhinav/ANT-OS/linuxmint-source/mint-common/usr/share/pixmaps/faces/2_13.png → /home/abhinav/ANT-OS/usr/share/icons/2_13.png
Moved: /home/abhinav/ANT-OS/linuxmint-source/mint-common/usr/share/pixmaps/faces/7_penguin.png → /home/abhinav/ANT-OS/usr/share/icons/7_penguin.png
Moved: /home/abhinav/ANT-OS/linuxmint-source/mint-common/usr/share/linuxmint/icons/flatpak-symbolic.svg → /home/abhinav/ANT-OS/usr/share/icons/flatpak-symbolic.svg
Moved: /home/abhinav/ANT-OS/linuxmint-source/mint-common/usr/share/linuxmint/logo.png → /home/abhinav/ANT-OS/usr/share/icons/logo.png
Moved: /home/abhinav/ANT-OS/linuxmint-source/cinnamon/debian/icon.svg → /home/abhinav/ANT-OS/usr/share/icons/icon.svg
Moved: /home/abhinav/ANT-OS/linuxmint-source/cinnamon/docs/reference/cinnamon-tutorials/settings.png → /home/abhinav/ANT-OS/usr/share/icons/settings.png
Moved: /home/abhinav/ANT-OS/linuxmint-source/cinnamon/files/usr/share/icons/hicolor/scalable/apps/cinnamon-wayland_badge-symbolic.svg → /home/abhinav/ANT-OS/usr/share/icons/cinnamon-wayland_badge-symbolic.svg
Moved: /home/abhinav/ANT-OS/linuxmint-source/cinnamon/files/usr/share/icons/hicolor/scalable/apps/cinnamon2d_badge-symbolic.svg → /home/abhinav/ANT-OS/usr/share/icons/cinnamon2d_badge-symbolic.svg
Moved: /home/abhinav/ANT-OS/linuxmint-source/cinnamon/files/usr/share/icons/hicolor/scalable/apps/cinnamon-symbolic.svg → /home/abhinav/ANT-OS/usr/share/icons/cinnamon-symbolic.svg
Moved: /home/abhinav/ANT-OS/linuxmint-source/cinnamon/files/usr/share/icons/hicolor/scalable/apps/cinnamon_badge-symbolic.svg → /home/abhinav/ANT-OS/usr/share/icons/cinnamon_badge-symbolic.svg
Moved: /home/abhinav/ANT-OS/linuxmint-source/cinnamon/files/usr/share/icons/hicolor/scalable/apps/cinnamon.svg → /home/abhinav/ANT-OS/usr/share/icons/cinnamon.svg
Moved: /home/abhinav/ANT-OS/linuxmint-source/cinnamon/files/usr/share/cinnamon/cinnamon-settings-users/cinnamon-settings-users.svg → /home/abhinav/ANT-OS/usr/share/icons/cinnamon-settings-users.svg
Moved: /home/abhinav/ANT-OS/linuxmint-source/cinnamon/files/usr/share/cinnamon/thumbnails/wallclock.png → /home/abhinav/ANT-OS/usr/share/icons/wallclock.png
Moved: /home/abhinav/ANT-OS/linuxmint-source/cinnamon/files/usr/share/cinnamon/thumbnails/cursors/ComixCursors-Orange.png → /home/abhinav/ANT-OS/usr/share/icons/ComixCursors-Orange.png
Moved: /home/abhinav/ANT-OS/linuxmint-source/cinnamon/files/usr/share/cinnamon/thumbnails/cursors/ComixCursors-Slim-White.png → /home/abhinav/ANT-OS/usr/share/icons/ComixCursors-Slim-White.png
Moved: /home/abhinav/ANT-OS/linuxmint-source/cinnamon/files/usr/share/cinnamon/thumbnails/cursors/ComixCursors-Black.png → /home/abhinav/ANT-OS/usr/share/icons/ComixCursors-Black.png
Moved: /home/abhinav/ANT-OS/linuxmint-source/cinnamon/files/usr/share/cinnamon/thumbnails/cursors/ComixCursors-Green.png → /home/abhinav/ANT-OS/usr/share/icons/ComixCursors-Green.png
Moved: /home/abhinav/ANT-OS/linuxmint-source/cinnamon/files/usr/share/cinnamon/thumbnails/cursors/redglass.png → /home/abhinav/ANT-OS/usr/share/icons/redglass.png
Moved: /home/abhinav/ANT-OS/linuxmint-source/cinnamon/files/usr/share/cinnamon/thumbnails/cursors/oxy-zion.png → /home/abhinav/ANT-OS/usr/share/icons/oxy-zion.png
Moved: /home/abhinav/ANT-OS/linuxmint-source/cinnamon/files/usr/share/cinnamon/thumbnails/cursors/handhelds.png → /home/abhinav/ANT-OS/usr/share/icons/handhelds.png
Moved: /home/abhinav/ANT-OS/linuxmint-source/cinnamon/files/usr/share/cinnamon/thumbnails/cursors/oxy-yellow.png → /home/abhinav/ANT-OS/usr/share/icons/oxy-yellow.png
Moved: /home/abhinav/ANT-OS/linuxmint-source/cinnamon/files/usr/share/cinnamon/thumbnails/cursors/oxy-black.png → /home/abhinav/ANT-OS/usr/share/icons/oxy-black.png
Moved: /home/abhinav/ANT-OS/linuxmint-source/cinnamon/files/usr/share/cinnamon/thumbnails/cursors/ComixCursors-Slim-Blue.png → /home/abhinav/ANT-OS/usr/share/icons/ComixCursors-Slim-Blue.png
Moved: /home/abhinav/ANT-OS/linuxmint-source/cinnamon/files/usr/share/cinnamon/thumbnails/cursors/breeze_cursors.png → /home/abhinav/ANT-OS/usr/share/icons/breeze_cursors.png
Moved: /home/abhinav/ANT-OS/linuxmint-source/cinnamon/files/usr/share/cinnamon/thumbnails/cursors/ComixCursors-Slim-Green.png → /home/abhinav/ANT-OS/usr/share/icons/ComixCursors-Slim-Green.png
Moved: /home/abhinav/ANT-OS/linuxmint-source/cinnamon/files/usr/share/cinnamon/thumbnails/cursors/DMZ-White.png → /home/abhinav/ANT-OS/usr/share/icons/DMZ-White.png
Moved: /home/abhinav/ANT-OS/linuxmint-source/cinnamon/files/usr/share/cinnamon/thumbnails/cursors/Bibata-Modern-Classic.png → /home/abhinav/ANT-OS/usr/share/icons/Bibata-Modern-Classic.png
Moved: /home/abhinav/ANT-OS/linuxmint-source/cinnamon/files/usr/share/cinnamon/thumbnails/cursors/Yaru.png → /home/abhinav/ANT-OS/usr/share/icons/Yaru.png
Moved: /home/abhinav/ANT-OS/linuxmint-source/cinnamon/files/usr/share/cinnamon/thumbnails/cursors/ComixCursors-White.png → /home/abhinav/ANT-OS/usr/share/icons/ComixCursors-White.png
Moved: /home/abhinav/ANT-OS/linuxmint-source/cinnamon/files/usr/share/cinnamon/thumbnails/cursors/ComixCursors-Slim-Black.png → /home/abhinav/ANT-OS/usr/share/icons/ComixCursors-Slim-Black.png
Moved: /home/abhinav/ANT-OS/linuxmint-source/cinnamon/files/usr/share/cinnamon/thumbnails/cursors/Bibata-Original-Classic.png → /home/abhinav/ANT-OS/usr/share/icons/Bibata-Original-Classic.png
Moved: /home/abhinav/ANT-OS/linuxmint-source/cinnamon/files/usr/share/cinnamon/thumbnails/cursors/oxy-white.png → /home/abhinav/ANT-OS/usr/share/icons/oxy-white.png
Moved: /home/abhinav/ANT-OS/linuxmint-source/cinnamon/files/usr/share/cinnamon/thumbnails/cursors/DMZ-Black.png → /home/abhinav/ANT-OS/usr/share/icons/DMZ-Black.png
Moved: /home/abhinav/ANT-OS/linuxmint-source/cinnamon/files/usr/share/cinnamon/thumbnails/cursors/ComixCursors-Slim-Red.png → /home/abhinav/ANT-OS/usr/share/icons/ComixCursors-Slim-Red.png
Moved: /home/abhinav/ANT-OS/linuxmint-source/cinnamon/files/usr/share/cinnamon/thumbnails/cursors/oxy-blue.png → /home/abhinav/ANT-OS/usr/share/icons/oxy-blue.png
Moved: /home/abhinav/ANT-OS/linuxmint-source/cinnamon/files/usr/share/cinnamon/thumbnails/cursors/Adwaita.png → /home/abhinav/ANT-OS/usr/share/icons/Adwaita.png
Moved: /home/abhinav/ANT-OS/linuxmint-source/cinnamon/files/usr/share/cinnamon/thumbnails/cursors/unknown.png → /home/abhinav/ANT-OS/usr/share/icons/unknown.png
Moved: /home/abhinav/ANT-OS/linuxmint-source/cinnamon/files/usr/share/cinnamon/thumbnails/cursors/ComixCursors-Blue.png → /home/abhinav/ANT-OS/usr/share/icons/ComixCursors-Blue.png
Moved: /home/abhinav/ANT-OS/linuxmint-source/cinnamon/files/usr/share/cinnamon/thumbnails/cursors/ComixCursors-Slim-Orange.png → /home/abhinav/ANT-OS/usr/share/icons/ComixCursors-Slim-Orange.png
Moved: /home/abhinav/ANT-OS/linuxmint-source/cinnamon/files/usr/share/cinnamon/thumbnails/cursors/Bibata-Original-Ice.png → /home/abhinav/ANT-OS/usr/share/icons/Bibata-Original-Ice.png
Moved: /home/abhinav/ANT-OS/linuxmint-source/cinnamon/files/usr/share/cinnamon/thumbnails/cursors/ComixCursors-Red.png → /home/abhinav/ANT-OS/usr/share/icons/ComixCursors-Red.png
Moved: /home/abhinav/ANT-OS/linuxmint-source/cinnamon/files/usr/share/cinnamon/thumbnails/cursors/Bibata-Modern-Ice.png → /home/abhinav/ANT-OS/usr/share/icons/Bibata-Modern-Ice.png
Moved: /home/abhinav/ANT-OS/linuxmint-source/cinnamon/files/usr/share/cinnamon/thumbnails/cursors/whiteglass.png → /home/abhinav/ANT-OS/usr/share/icons/whiteglass.png
Moved: /home/abhinav/ANT-OS/linuxmint-source/cinnamon/files/usr/share/cinnamon/thumbnails/cursors/Breeze_Snow.png → /home/abhinav/ANT-OS/usr/share/icons/Breeze_Snow.png
Moved: /home/abhinav/ANT-OS/linuxmint-source/cinnamon/files/usr/share/cinnamon/thumbnails/cursors/Bibata-Modern-Amber.png → /home/abhinav/ANT-OS/usr/share/icons/Bibata-Modern-Amber.png
Moved: /home/abhinav/ANT-OS/linuxmint-source/cinnamon/files/usr/share/cinnamon/thumbnails/cursors/Paper.png → /home/abhinav/ANT-OS/usr/share/icons/Paper.png
Moved: /home/abhinav/ANT-OS/linuxmint-source/cinnamon/files/usr/share/cinnamon/thumbnails/cinnamon/unknown.png → /home/abhinav/ANT-OS/usr/share/icons/unknown.png
Moved: /home/abhinav/ANT-OS/linuxmint-source/cinnamon/files/usr/share/cinnamon/thumbnails/gtk-3.0/Box.png → /home/abhinav/ANT-OS/usr/share/icons/Box.png
Moved: /home/abhinav/ANT-OS/linuxmint-source/cinnamon/files/usr/share/cinnamon/thumbnails/gtk-3.0/HighContrast.png → /home/abhinav/ANT-OS/usr/share/icons/HighContrast.png
Moved: /home/abhinav/ANT-OS/linuxmint-source/cinnamon/files/usr/share/cinnamon/thumbnails/gtk-3.0/Adwaita.png → /home/abhinav/ANT-OS/usr/share/icons/Adwaita.png
Moved: /home/abhinav/ANT-OS/linuxmint-source/cinnamon/files/usr/share/cinnamon/thumbnails/gtk-3.0/unknown.png → /home/abhinav/ANT-OS/usr/share/icons/unknown.png
Moved: /home/abhinav/ANT-OS/linuxmint-source/cinnamon/files/usr/share/cinnamon/thumbnails/gtk-3.0/Adwaita-dark.png → /home/abhinav/ANT-OS/usr/share/icons/Adwaita-dark.png
Moved: /home/abhinav/ANT-OS/linuxmint-source/cinnamon/files/usr/share/cinnamon/thumbnails/metacity-1/Box.png → /home/abhinav/ANT-OS/usr/share/icons/Box.png
Moved: /home/abhinav/ANT-OS/linuxmint-source/cinnamon/files/usr/share/cinnamon/thumbnails/metacity-1/Atlanta.png → /home/abhinav/ANT-OS/usr/share/icons/Atlanta.png
Moved: /home/abhinav/ANT-OS/linuxmint-source/cinnamon/files/usr/share/cinnamon/thumbnails/metacity-1/Metabox.png → /home/abhinav/ANT-OS/usr/share/icons/Metabox.png
Moved: /home/abhinav/ANT-OS/linuxmint-source/cinnamon/files/usr/share/cinnamon/thumbnails/metacity-1/Bright.png → /home/abhinav/ANT-OS/usr/share/icons/Bright.png
Moved: /home/abhinav/ANT-OS/linuxmint-source/cinnamon/files/usr/share/cinnamon/thumbnails/metacity-1/Simple.png → /home/abhinav/ANT-OS/usr/share/icons/Simple.png
Moved: /home/abhinav/ANT-OS/linuxmint-source/cinnamon/files/usr/share/cinnamon/thumbnails/metacity-1/HighContrast.png → /home/abhinav/ANT-OS/usr/share/icons/HighContrast.png
Moved: /home/abhinav/ANT-OS/linuxmint-source/cinnamon/files/usr/share/cinnamon/thumbnails/metacity-1/AgingGorilla.png → /home/abhinav/ANT-OS/usr/share/icons/AgingGorilla.png
Moved: /home/abhinav/ANT-OS/linuxmint-source/cinnamon/files/usr/share/cinnamon/thumbnails/metacity-1/Crux.png → /home/abhinav/ANT-OS/usr/share/icons/Crux.png
Moved: /home/abhinav/ANT-OS/linuxmint-source/cinnamon/files/usr/share/cinnamon/thumbnails/metacity-1/Adwaita.png → /home/abhinav/ANT-OS/usr/share/icons/Adwaita.png
Moved: /home/abhinav/ANT-OS/linuxmint-source/cinnamon/files/usr/share/cinnamon/thumbnails/metacity-1/unknown.png → /home/abhinav/ANT-OS/usr/share/icons/unknown.png
Moved: /home/abhinav/ANT-OS/linuxmint-source/cinnamon/files/usr/share/cinnamon/thumbnails/metacity-1/Adwaita-dark.png → /home/abhinav/ANT-OS/usr/share/icons/Adwaita-dark.png
Moved: /home/abhinav/ANT-OS/linuxmint-source/cinnamon/files/usr/share/cinnamon/thumbnails/metacity-1/Esco.png → /home/abhinav/ANT-OS/usr/share/icons/Esco.png
Moved: /home/abhinav/ANT-OS/linuxmint-source/cinnamon/files/usr/share/cinnamon/applets/network@cinnamon.org/icons/network-wireless-signal-excellent-secure-symbolic.svg → /home/abhinav/ANT-OS/usr/share/icons/network-wireless-signal-excellent-secure-symbolic.svg
Moved: /home/abhinav/ANT-OS/linuxmint-source/cinnamon/files/usr/share/cinnamon/applets/network@cinnamon.org/icons/network-wireless-signal-weak-secure-symbolic.svg → /home/abhinav/ANT-OS/usr/share/icons/network-wireless-signal-weak-secure-symbolic.svg
Moved: /home/abhinav/ANT-OS/linuxmint-source/cinnamon/files/usr/share/cinnamon/applets/network@cinnamon.org/icons/network-wireless-signal-ok-secure-symbolic.svg → /home/abhinav/ANT-OS/usr/share/icons/network-wireless-signal-ok-secure-symbolic.svg
Moved: /home/abhinav/ANT-OS/linuxmint-source/cinnamon/files/usr/share/cinnamon/applets/network@cinnamon.org/icons/network-wireless-signal-good-secure-symbolic.svg → /home/abhinav/ANT-OS/usr/share/icons/network-wireless-signal-good-secure-symbolic.svg
Moved: /home/abhinav/ANT-OS/linuxmint-source/cinnamon/files/usr/share/cinnamon/applets/network@cinnamon.org/icons/network-wireless-signal-none-secure-symbolic.svg → /home/abhinav/ANT-OS/usr/share/icons/network-wireless-signal-none-secure-symbolic.svg
Moved: /home/abhinav/ANT-OS/linuxmint-source/cinnamon/files/usr/share/cinnamon/applets/scale@cinnamon.org/icons/cinnamon-scale-symbolic.svg → /home/abhinav/ANT-OS/usr/share/icons/cinnamon-scale-symbolic.svg
Moved: /home/abhinav/ANT-OS/linuxmint-source/cinnamon/files/usr/share/cinnamon/applets/inhibit@cinnamon.org/icons/inhibit-notification-symbolic.svg → /home/abhinav/ANT-OS/usr/share/icons/inhibit-notification-symbolic.svg
Moved: /home/abhinav/ANT-OS/linuxmint-source/cinnamon/files/usr/share/cinnamon/applets/inhibit@cinnamon.org/icons/inhibit-symbolic.svg → /home/abhinav/ANT-OS/usr/share/icons/inhibit-symbolic.svg
Moved: /home/abhinav/ANT-OS/linuxmint-source/cinnamon/files/usr/share/cinnamon/applets/inhibit@cinnamon.org/icons/inhibit-active-symbolic.svg → /home/abhinav/ANT-OS/usr/share/icons/inhibit-active-symbolic.svg
Moved: /home/abhinav/ANT-OS/linuxmint-source/cinnamon/files/usr/share/cinnamon/applets/inhibit@cinnamon.org/icons/inhibit-notifications-disabled-symbolic.svg → /home/abhinav/ANT-OS/usr/share/icons/inhibit-notifications-disabled-symbolic.svg
Moved: /home/abhinav/ANT-OS/linuxmint-source/cinnamon/files/usr/share/cinnamon/applets/inhibit@cinnamon.org/icons/inhibit-notification-active-symbolic.svg → /home/abhinav/ANT-OS/usr/share/icons/inhibit-notification-active-symbolic.svg
Moved: /home/abhinav/ANT-OS/linuxmint-source/cinnamon/files/usr/share/cinnamon/applets/inhibit@cinnamon.org/icons/inhibit-active-notifications-disabled-symbolic.svg → /home/abhinav/ANT-OS/usr/share/icons/inhibit-active-notifications-disabled-symbolic.svg
Moved: /home/abhinav/ANT-OS/linuxmint-source/cinnamon/files/usr/share/cinnamon/applets/windows-quick-list@cinnamon.org/icons/windows-quick-list-symbolic.svg → /home/abhinav/ANT-OS/usr/share/icons/windows-quick-list-symbolic.svg
Moved: /home/abhinav/ANT-OS/linuxmint-source/cinnamon/files/usr/share/cinnamon/applets/grouped-window-list@cinnamon.org/icons/x-office-database-symbolic.svg → /home/abhinav/ANT-OS/usr/share/icons/x-office-database-symbolic.svg
Moved: /home/abhinav/ANT-OS/linuxmint-source/cinnamon/files/usr/share/cinnamon/applets/grouped-window-list@cinnamon.org/icons/screenshot-fullscreen-symbolic.svg → /home/abhinav/ANT-OS/usr/share/icons/screenshot-fullscreen-symbolic.svg
Moved: /home/abhinav/ANT-OS/linuxmint-source/cinnamon/files/usr/share/cinnamon/applets/grouped-window-list@cinnamon.org/icons/store-symbolic.svg → /home/abhinav/ANT-OS/usr/share/icons/store-symbolic.svg
Moved: /home/abhinav/ANT-OS/linuxmint-source/cinnamon/files/usr/share/cinnamon/applets/grouped-window-list@cinnamon.org/icons/news-symbolic.svg → /home/abhinav/ANT-OS/usr/share/icons/news-symbolic.svg
Moved: /home/abhinav/ANT-OS/linuxmint-source/cinnamon/files/usr/share/cinnamon/applets/grouped-window-list@cinnamon.org/icons/window-new-symbolic.svg → /home/abhinav/ANT-OS/usr/share/icons/window-new-symbolic.svg
Moved: /home/abhinav/ANT-OS/linuxmint-source/cinnamon/files/usr/share/cinnamon/applets/grouped-window-list@cinnamon.org/icons/pin-symbolic.svg → /home/abhinav/ANT-OS/usr/share/icons/pin-symbolic.svg
Moved: /home/abhinav/ANT-OS/linuxmint-source/cinnamon/files/usr/share/cinnamon/applets/grouped-window-list@cinnamon.org/icons/unpin-symbolic.svg → /home/abhinav/ANT-OS/usr/share/icons/unpin-symbolic.svg
Moved: /home/abhinav/ANT-OS/linuxmint-source/cinnamon/files/usr/share/cinnamon/applets/grouped-window-list@cinnamon.org/icons/screenshot-window-symbolic.svg → /home/abhinav/ANT-OS/usr/share/icons/screenshot-window-symbolic.svg
Moved: /home/abhinav/ANT-OS/linuxmint-source/cinnamon/files/usr/share/cinnamon/applets/grouped-window-list@cinnamon.org/icons/screenshot-area-symbolic.svg → /home/abhinav/ANT-OS/usr/share/icons/screenshot-area-symbolic.svg
Moved: /home/abhinav/ANT-OS/linuxmint-source/cinnamon/files/usr/share/cinnamon/applets/grouped-window-list@cinnamon.org/icons/view-private-symbolic.svg → /home/abhinav/ANT-OS/usr/share/icons/view-private-symbolic.svg
Moved: /home/abhinav/ANT-OS/linuxmint-source/cinnamon/files/usr/share/cinnamon/applets/grouped-window-list@cinnamon.org/icons/x-office-math-symbolic.svg → /home/abhinav/ANT-OS/usr/share/icons/x-office-math-symbolic.svg
Moved: /home/abhinav/ANT-OS/linuxmint-source/cinnamon/files/usr/share/cinnamon/applets/expo@cinnamon.org/icons/cinnamon-expo-symbolic.svg → /home/abhinav/ANT-OS/usr/share/icons/cinnamon-expo-symbolic.svg
Moved: /home/abhinav/ANT-OS/linuxmint-source/cinnamon/files/usr/share/cinnamon/applets/user@cinnamon.org/icons/logout-symbolic.svg → /home/abhinav/ANT-OS/usr/share/icons/logout-symbolic.svg
Moved: /home/abhinav/ANT-OS/linuxmint-source/cinnamon/files/usr/share/cinnamon/applets/user@cinnamon.org/icons/switch-user-symbolic.svg → /home/abhinav/ANT-OS/usr/share/icons/switch-user-symbolic.svg
Moved: /home/abhinav/ANT-OS/linuxmint-source/cinnamon/files/usr/share/cinnamon/applets/notifications@cinnamon.org/icons/alt-critical-notif-symbolic.svg → /home/abhinav/ANT-OS/usr/share/icons/alt-critical-notif-symbolic.svg
Moved: /home/abhinav/ANT-OS/linuxmint-source/cinnamon/files/usr/share/cinnamon/applets/notifications@cinnamon.org/icons/critical-notif-symbolic.svg → /home/abhinav/ANT-OS/usr/share/icons/critical-notif-symbolic.svg
Moved: /home/abhinav/ANT-OS/linuxmint-source/cinnamon/files/usr/share/cinnamon/applets/notifications@cinnamon.org/icons/empty-notif-symbolic.svg → /home/abhinav/ANT-OS/usr/share/icons/empty-notif-symbolic.svg
Moved: /home/abhinav/ANT-OS/linuxmint-source/cinnamon/files/usr/share/cinnamon/applets/notifications@cinnamon.org/icons/low-notif-symbolic.svg → /home/abhinav/ANT-OS/usr/share/icons/low-notif-symbolic.svg
Moved: /home/abhinav/ANT-OS/linuxmint-source/cinnamon/files/usr/share/cinnamon/applets/notifications@cinnamon.org/icons/normal-notif-symbolic.svg → /home/abhinav/ANT-OS/usr/share/icons/normal-notif-symbolic.svg
Moved: /home/abhinav/ANT-OS/linuxmint-source/cinnamon/files/usr/share/cinnamon/applets/slideshow@cinnamon.org/icons/slideshow-play-symbolic.svg → /home/abhinav/ANT-OS/usr/share/icons/slideshow-play-symbolic.svg
Moved: /home/abhinav/ANT-OS/linuxmint-source/cinnamon/files/usr/share/cinnamon/applets/slideshow@cinnamon.org/icons/slideshow-pause-symbolic.svg → /home/abhinav/ANT-OS/usr/share/icons/slideshow-pause-symbolic.svg
Moved: /home/abhinav/ANT-OS/linuxmint-source/cinnamon/files/usr/share/cinnamon/applets/slideshow@cinnamon.org/icons/slideshow-disabled-symbolic.svg → /home/abhinav/ANT-OS/usr/share/icons/slideshow-disabled-symbolic.svg
Moved: /home/abhinav/ANT-OS/linuxmint-source/cinnamon/files/usr/share/cinnamon/applets/on-screen-keyboard@cinnamon.org/icons/on-screen-keyboard-disabled-symbolic.svg → /home/abhinav/ANT-OS/usr/share/icons/on-screen-keyboard-disabled-symbolic.svg
Moved: /home/abhinav/ANT-OS/linuxmint-source/cinnamon/files/usr/share/cinnamon/applets/on-screen-keyboard@cinnamon.org/icons/on-screen-keyboard-symbolic.svg → /home/abhinav/ANT-OS/usr/share/icons/on-screen-keyboard-symbolic.svg
Moved: /home/abhinav/ANT-OS/linuxmint-source/cinnamon/files/usr/share/cinnamon/bumpmaps/hex.png → /home/abhinav/ANT-OS/usr/share/icons/hex.png
Moved: /home/abhinav/ANT-OS/linuxmint-source/cinnamon/files/usr/share/cinnamon/bumpmaps/birdnfish.png → /home/abhinav/ANT-OS/usr/share/icons/birdnfish.png
Moved: /home/abhinav/ANT-OS/linuxmint-source/cinnamon/files/usr/share/cinnamon/bumpmaps/fish.png → /home/abhinav/ANT-OS/usr/share/icons/fish.png
Moved: /home/abhinav/ANT-OS/linuxmint-source/cinnamon/files/usr/share/cinnamon/bumpmaps/brick.png → /home/abhinav/ANT-OS/usr/share/icons/brick.png
Moved: /home/abhinav/ANT-OS/linuxmint-source/cinnamon/files/usr/share/cinnamon/bumpmaps/frost.png → /home/abhinav/ANT-OS/usr/share/icons/frost.png
Moved: /home/abhinav/ANT-OS/linuxmint-source/cinnamon/files/usr/share/cinnamon/bumpmaps/lizard.png → /home/abhinav/ANT-OS/usr/share/icons/lizard.png
Moved: /home/abhinav/ANT-OS/linuxmint-source/cinnamon/files/usr/share/cinnamon/icons/move-symbolic.svg → /home/abhinav/ANT-OS/usr/share/icons/move-symbolic.svg
Moved: /home/abhinav/ANT-OS/linuxmint-source/cinnamon/files/usr/share/cinnamon/cinnamon-settings/appearance-light.svg → /home/abhinav/ANT-OS/usr/share/icons/appearance-light.svg
Moved: /home/abhinav/ANT-OS/linuxmint-source/cinnamon/files/usr/share/cinnamon/cinnamon-settings/appearance-dark.svg → /home/abhinav/ANT-OS/usr/share/icons/appearance-dark.svg
Moved: /home/abhinav/ANT-OS/linuxmint-source/cinnamon/files/usr/share/cinnamon/cinnamon-settings/appearance-mixed.svg → /home/abhinav/ANT-OS/usr/share/icons/appearance-mixed.svg
Moved: /home/abhinav/ANT-OS/linuxmint-source/cinnamon/files/usr/share/cinnamon/cinnamon-settings/color_dot.svg → /home/abhinav/ANT-OS/usr/share/icons/color_dot.svg
Moved: /home/abhinav/ANT-OS/linuxmint-source/cinnamon/files/usr/share/cinnamon/faces/7_elephant.png → /home/abhinav/ANT-OS/usr/share/icons/7_elephant.png
Moved: /home/abhinav/ANT-OS/linuxmint-source/cinnamon/files/usr/share/cinnamon/faces/7_dog.png → /home/abhinav/ANT-OS/usr/share/icons/7_dog.png
Moved: /home/abhinav/ANT-OS/linuxmint-source/cinnamon/files/usr/share/cinnamon/faces/6_butterfly.png → /home/abhinav/ANT-OS/usr/share/icons/6_butterfly.png
Moved: /home/abhinav/ANT-OS/linuxmint-source/cinnamon/files/usr/share/cinnamon/faces/7_panda.png → /home/abhinav/ANT-OS/usr/share/icons/7_panda.png
Moved: /home/abhinav/ANT-OS/linuxmint-source/cinnamon/files/usr/share/cinnamon/faces/user-generic.png → /home/abhinav/ANT-OS/usr/share/icons/user-generic.png
Moved: /home/abhinav/ANT-OS/linuxmint-source/cinnamon/files/usr/share/cinnamon/faces/7_lion.png → /home/abhinav/ANT-OS/usr/share/icons/7_lion.png
Moved: /home/abhinav/ANT-OS/linuxmint-source/cinnamon/files/usr/share/cinnamon/faces/7_tucan.png → /home/abhinav/ANT-OS/usr/share/icons/7_tucan.png
Moved: /home/abhinav/ANT-OS/linuxmint-source/cinnamon/files/usr/share/cinnamon/faces/7_fox.png → /home/abhinav/ANT-OS/usr/share/icons/7_fox.png
Moved: /home/abhinav/ANT-OS/linuxmint-source/cinnamon/files/usr/share/cinnamon/faces/2_10.png → /home/abhinav/ANT-OS/usr/share/icons/2_10.png
Moved: /home/abhinav/ANT-OS/linuxmint-source/cinnamon/files/usr/share/cinnamon/faces/7_bat.png → /home/abhinav/ANT-OS/usr/share/icons/7_bat.png
Moved: /home/abhinav/ANT-OS/linuxmint-source/cinnamon/files/usr/share/cinnamon/faces/2_12.png → /home/abhinav/ANT-OS/usr/share/icons/2_12.png
Moved: /home/abhinav/ANT-OS/linuxmint-source/cinnamon/files/usr/share/cinnamon/faces/2_11.png → /home/abhinav/ANT-OS/usr/share/icons/2_11.png
Moved: /home/abhinav/ANT-OS/linuxmint-source/cinnamon/files/usr/share/cinnamon/faces/2_13.png → /home/abhinav/ANT-OS/usr/share/icons/2_13.png
Moved: /home/abhinav/ANT-OS/linuxmint-source/cinnamon/files/usr/share/cinnamon/faces/7_penguin.png → /home/abhinav/ANT-OS/usr/share/icons/7_penguin.png
Moved: /home/abhinav/ANT-OS/linuxmint-source/cinnamon/data/icons/hicolor_devices_scalable_cpu-symbolic.svg → /home/abhinav/ANT-OS/usr/share/icons/hicolor_devices_scalable_cpu-symbolic.svg
Moved: /home/abhinav/ANT-OS/linuxmint-source/cinnamon/data/icons/hicolor_apps_scalable_cinnamon-panel-launcher.svg → /home/abhinav/ANT-OS/usr/share/icons/hicolor_apps_scalable_cinnamon-panel-launcher.svg
Moved: /home/abhinav/ANT-OS/linuxmint-source/cinnamon/data/icons/hicolor_actions_scalable_pan-down-symbolic.svg → /home/abhinav/ANT-OS/usr/share/icons/hicolor_actions_scalable_pan-down-symbolic.svg
Moved: /home/abhinav/ANT-OS/linuxmint-source/cinnamon/data/icons/hicolor_categories_scalable_cs-desktop.svg → /home/abhinav/ANT-OS/usr/share/icons/hicolor_categories_scalable_cs-desktop.svg
Moved: /home/abhinav/ANT-OS/linuxmint-source/cinnamon/data/icons/hicolor_actions_scalable_view-conceal-symbolic.svg → /home/abhinav/ANT-OS/usr/share/icons/hicolor_actions_scalable_view-conceal-symbolic.svg
Moved: /home/abhinav/ANT-OS/linuxmint-source/cinnamon/data/icons/hicolor_categories_scalable_cs-applets.svg → /home/abhinav/ANT-OS/usr/share/icons/hicolor_categories_scalable_cs-applets.svg
Moved: /home/abhinav/ANT-OS/linuxmint-source/cinnamon/data/icons/hicolor_devices_scalable_audio-speaker-right-back.svg → /home/abhinav/ANT-OS/usr/share/icons/hicolor_devices_scalable_audio-speaker-right-back.svg
Moved: /home/abhinav/ANT-OS/linuxmint-source/cinnamon/data/icons/hicolor_categories_scalable_cs-details.svg → /home/abhinav/ANT-OS/usr/share/icons/hicolor_categories_scalable_cs-details.svg
Moved: /home/abhinav/ANT-OS/linuxmint-source/cinnamon/data/icons/hicolor_emblems_scalable_cs-xlet-system.svg → /home/abhinav/ANT-OS/usr/share/icons/hicolor_emblems_scalable_cs-xlet-system.svg
Moved: /home/abhinav/ANT-OS/linuxmint-source/cinnamon/data/icons/hicolor_actions_scalable_pan-start-symbolic.svg → /home/abhinav/ANT-OS/usr/share/icons/hicolor_actions_scalable_pan-start-symbolic.svg
Moved: /home/abhinav/ANT-OS/linuxmint-source/cinnamon/data/icons/hicolor_categories_scalable_cs-tiling.svg → /home/abhinav/ANT-OS/usr/share/icons/hicolor_categories_scalable_cs-tiling.svg
Moved: /home/abhinav/ANT-OS/linuxmint-source/cinnamon/data/icons/hicolor_categories_scalable_cs-network.svg → /home/abhinav/ANT-OS/usr/share/icons/hicolor_categories_scalable_cs-network.svg
Moved: /home/abhinav/ANT-OS/linuxmint-source/cinnamon/data/icons/hicolor_actions_scalable_pan-up-symbolic.svg → /home/abhinav/ANT-OS/usr/share/icons/hicolor_actions_scalable_pan-up-symbolic.svg
Moved: /home/abhinav/ANT-OS/linuxmint-source/cinnamon/data/icons/hicolor_categories_scalable_cs-user.svg → /home/abhinav/ANT-OS/usr/share/icons/hicolor_categories_scalable_cs-user.svg
Moved: /home/abhinav/ANT-OS/linuxmint-source/cinnamon/data/icons/hicolor_actions_24x24_cinnamon-hc-single-click.png → /home/abhinav/ANT-OS/usr/share/icons/hicolor_actions_24x24_cinnamon-hc-single-click.png
Moved: /home/abhinav/ANT-OS/linuxmint-source/cinnamon/data/icons/hicolor_actions_24x24_cinnamon-hc-right-click.png → /home/abhinav/ANT-OS/usr/share/icons/hicolor_actions_24x24_cinnamon-hc-right-click.png
Moved: /home/abhinav/ANT-OS/linuxmint-source/cinnamon/data/icons/hicolor_categories_scalable_cs-windows.svg → /home/abhinav/ANT-OS/usr/share/icons/hicolor_categories_scalable_cs-windows.svg
Moved: /home/abhinav/ANT-OS/linuxmint-source/cinnamon/data/icons/hicolor_categories_scalable_cs-overview.svg → /home/abhinav/ANT-OS/usr/share/icons/hicolor_categories_scalable_cs-overview.svg
Moved: /home/abhinav/ANT-OS/linuxmint-source/cinnamon/data/icons/hicolor_emblems_scalable_cs-xlet-error.svg → /home/abhinav/ANT-OS/usr/share/icons/hicolor_emblems_scalable_cs-xlet-error.svg
Moved: /home/abhinav/ANT-OS/linuxmint-source/cinnamon/data/icons/hicolor_actions_scalable_pan-end-symbolic.svg → /home/abhinav/ANT-OS/usr/share/icons/hicolor_actions_scalable_pan-end-symbolic.svg
Moved: /home/abhinav/ANT-OS/linuxmint-source/cinnamon/data/icons/hicolor_categories_scalable_cs-extensions.svg → /home/abhinav/ANT-OS/usr/share/icons/hicolor_categories_scalable_cs-extensions.svg
Moved: /home/abhinav/ANT-OS/linuxmint-source/cinnamon/data/icons/hicolor_categories_scalable_cs-gestures.svg → /home/abhinav/ANT-OS/usr/share/icons/hicolor_categories_scalable_cs-gestures.svg
Moved: /home/abhinav/ANT-OS/linuxmint-source/cinnamon/data/icons/hicolor_devices_scalable_bluetooth.svg → /home/abhinav/ANT-OS/usr/share/icons/hicolor_devices_scalable_bluetooth.svg
Moved: /home/abhinav/ANT-OS/linuxmint-source/cinnamon/data/icons/hicolor_categories_scalable_cs-themes.svg → /home/abhinav/ANT-OS/usr/share/icons/hicolor_categories_scalable_cs-themes.svg
Moved: /home/abhinav/ANT-OS/linuxmint-source/cinnamon/data/icons/hicolor_actions_scalable_cinnamon-num-lock-symbolic.svg → /home/abhinav/ANT-OS/usr/share/icons/hicolor_actions_scalable_cinnamon-num-lock-symbolic.svg
Moved: /home/abhinav/ANT-OS/linuxmint-source/cinnamon/data/icons/hicolor_actions_scalable_pan-end-symbolic-rtl.svg → /home/abhinav/ANT-OS/usr/share/icons/hicolor_actions_scalable_pan-end-symbolic-rtl.svg
Moved: /home/abhinav/ANT-OS/linuxmint-source/cinnamon/data/icons/hicolor_devices_scalable_audio-speaker-right-side.svg → /home/abhinav/ANT-OS/usr/share/icons/hicolor_devices_scalable_audio-speaker-right-side.svg
Moved: /home/abhinav/ANT-OS/linuxmint-source/cinnamon/data/icons/hicolor_emblems_scalable_cs-xlet-installed.svg → /home/abhinav/ANT-OS/usr/share/icons/hicolor_emblems_scalable_cs-xlet-installed.svg
Moved: /home/abhinav/ANT-OS/linuxmint-source/cinnamon/data/icons/hicolor_categories_scalable_cs-general.svg → /home/abhinav/ANT-OS/usr/share/icons/hicolor_categories_scalable_cs-general.svg
Moved: /home/abhinav/ANT-OS/linuxmint-source/cinnamon/data/icons/hicolor_categories_scalable_cs-fonts.svg → /home/abhinav/ANT-OS/usr/share/icons/hicolor_categories_scalable_cs-fonts.svg
Moved: /home/abhinav/ANT-OS/linuxmint-source/cinnamon/data/icons/hicolor_categories_scalable_cinnamon-all-applications-symbolic.svg → /home/abhinav/ANT-OS/usr/share/icons/hicolor_categories_scalable_cinnamon-all-applications-symbolic.svg
Moved: /home/abhinav/ANT-OS/linuxmint-source/cinnamon/data/icons/hicolor_categories_scalable_cs-date-time.svg → /home/abhinav/ANT-OS/usr/share/icons/hicolor_categories_scalable_cs-date-time.svg
Moved: /home/abhinav/ANT-OS/linuxmint-source/cinnamon/data/icons/hicolor_categories_scalable_cs-language.svg → /home/abhinav/ANT-OS/usr/share/icons/hicolor_categories_scalable_cs-language.svg
Moved: /home/abhinav/ANT-OS/linuxmint-source/cinnamon/data/icons/hicolor_categories_scalable_cs-sound.svg → /home/abhinav/ANT-OS/usr/share/icons/hicolor_categories_scalable_cs-sound.svg
Moved: /home/abhinav/ANT-OS/linuxmint-source/cinnamon/data/icons/hicolor_categories_scalable_cs-cat-prefs.svg → /home/abhinav/ANT-OS/usr/share/icons/hicolor_categories_scalable_cs-cat-prefs.svg
Moved: /home/abhinav/ANT-OS/linuxmint-source/cinnamon/data/icons/hicolor_devices_scalable_audio-speaker-left-side.svg → /home/abhinav/ANT-OS/usr/share/icons/hicolor_devices_scalable_audio-speaker-left-side.svg
Moved: /home/abhinav/ANT-OS/linuxmint-source/cinnamon/data/icons/hicolor_categories_scalable_cs-display.svg → /home/abhinav/ANT-OS/usr/share/icons/hicolor_categories_scalable_cs-display.svg
Moved: /home/abhinav/ANT-OS/linuxmint-source/cinnamon/data/icons/hicolor_actions_scalable_cinnamon-caps-lock-off-symbolic.svg → /home/abhinav/ANT-OS/usr/share/icons/hicolor_actions_scalable_cinnamon-caps-lock-off-symbolic.svg
Moved: /home/abhinav/ANT-OS/linuxmint-source/cinnamon/data/icons/hicolor_categories_scalable_cs-tablet.svg → /home/abhinav/ANT-OS/usr/share/icons/hicolor_categories_scalable_cs-tablet.svg
Moved: /home/abhinav/ANT-OS/linuxmint-source/cinnamon/data/icons/hicolor_devices_scalable_audio-speaker-center-back.svg → /home/abhinav/ANT-OS/usr/share/icons/hicolor_devices_scalable_audio-speaker-center-back.svg
Moved: /home/abhinav/ANT-OS/linuxmint-source/cinnamon/data/icons/hicolor_categories_scalable_cs-universal-access.svg → /home/abhinav/ANT-OS/usr/share/icons/hicolor_categories_scalable_cs-universal-access.svg
Moved: /home/abhinav/ANT-OS/linuxmint-source/cinnamon/data/icons/hicolor_actions_scalable_cinnamon-num-lock-off-symbolic.svg → /home/abhinav/ANT-OS/usr/share/icons/hicolor_actions_scalable_cinnamon-num-lock-off-symbolic.svg
Moved: /home/abhinav/ANT-OS/linuxmint-source/cinnamon/data/icons/hicolor_actions_scalable_list-edit-symbolic.svg → /home/abhinav/ANT-OS/usr/share/icons/hicolor_actions_scalable_list-edit-symbolic.svg
Moved: /home/abhinav/ANT-OS/linuxmint-source/cinnamon/data/icons/hicolor_categories_scalable_cs-online-accounts.svg → /home/abhinav/ANT-OS/usr/share/icons/hicolor_categories_scalable_cs-online-accounts.svg
Moved: /home/abhinav/ANT-OS/linuxmint-source/cinnamon/data/icons/hicolor_categories_scalable_cs-desklets.svg → /home/abhinav/ANT-OS/usr/share/icons/hicolor_categories_scalable_cs-desklets.svg
Moved: /home/abhinav/ANT-OS/linuxmint-source/cinnamon/data/icons/hicolor_actions_24x24_cinnamon-hc-drag-click.png → /home/abhinav/ANT-OS/usr/share/icons/hicolor_actions_24x24_cinnamon-hc-drag-click.png
Moved: /home/abhinav/ANT-OS/linuxmint-source/cinnamon/data/icons/hicolor_categories_scalable_cs-drivers.svg → /home/abhinav/ANT-OS/usr/share/icons/hicolor_categories_scalable_cs-drivers.svg
Moved: /home/abhinav/ANT-OS/linuxmint-source/cinnamon/data/icons/hicolor_categories_scalable_cs-printer.svg → /home/abhinav/ANT-OS/usr/share/icons/hicolor_categories_scalable_cs-printer.svg
Moved: /home/abhinav/ANT-OS/linuxmint-source/cinnamon/data/icons/hicolor_categories_scalable_cs-desklets-symbolic.svg → /home/abhinav/ANT-OS/usr/share/icons/hicolor_categories_scalable_cs-desklets-symbolic.svg
Moved: /home/abhinav/ANT-OS/linuxmint-source/cinnamon/data/icons/hicolor_actions_scalable_cinnamon-caps-lock-symbolic.svg → /home/abhinav/ANT-OS/usr/share/icons/hicolor_actions_scalable_cinnamon-caps-lock-symbolic.svg
Moved: /home/abhinav/ANT-OS/linuxmint-source/cinnamon/data/icons/hicolor_emblems_scalable_cs-xlet-running.svg → /home/abhinav/ANT-OS/usr/share/icons/hicolor_emblems_scalable_cs-xlet-running.svg
Moved: /home/abhinav/ANT-OS/linuxmint-source/cinnamon/data/icons/hicolor_categories_scalable_cs-workspaces.svg → /home/abhinav/ANT-OS/usr/share/icons/hicolor_categories_scalable_cs-workspaces.svg
Moved: /home/abhinav/ANT-OS/linuxmint-source/cinnamon/data/icons/hicolor_categories_scalable_cs-sources.svg → /home/abhinav/ANT-OS/usr/share/icons/hicolor_categories_scalable_cs-sources.svg
Moved: /home/abhinav/ANT-OS/linuxmint-source/cinnamon/data/icons/hicolor_categories_scalable_cs-privacy.svg → /home/abhinav/ANT-OS/usr/share/icons/hicolor_categories_scalable_cs-privacy.svg
Moved: /home/abhinav/ANT-OS/linuxmint-source/cinnamon/data/icons/hicolor_categories_scalable_cs-backgrounds-symbolic.svg → /home/abhinav/ANT-OS/usr/share/icons/hicolor_categories_scalable_cs-backgrounds-symbolic.svg
Moved: /home/abhinav/ANT-OS/linuxmint-source/cinnamon/data/icons/hicolor_devices_scalable_audio-speaker-left.svg → /home/abhinav/ANT-OS/usr/share/icons/hicolor_devices_scalable_audio-speaker-left.svg
Moved: /home/abhinav/ANT-OS/linuxmint-source/cinnamon/data/icons/hicolor_categories_scalable_cs-default-applications.svg → /home/abhinav/ANT-OS/usr/share/icons/hicolor_categories_scalable_cs-default-applications.svg
Moved: /home/abhinav/ANT-OS/linuxmint-source/cinnamon/data/icons/hicolor_categories_scalable_cs-region.svg → /home/abhinav/ANT-OS/usr/share/icons/hicolor_categories_scalable_cs-region.svg
Moved: /home/abhinav/ANT-OS/linuxmint-source/cinnamon/data/icons/hicolor_devices_scalable_audio-speaker-center.svg → /home/abhinav/ANT-OS/usr/share/icons/hicolor_devices_scalable_audio-speaker-center.svg
Moved: /home/abhinav/ANT-OS/linuxmint-source/cinnamon/data/icons/hicolor_categories_scalable_cs-cat-admin.svg → /home/abhinav/ANT-OS/usr/share/icons/hicolor_categories_scalable_cs-cat-admin.svg
Moved: /home/abhinav/ANT-OS/linuxmint-source/cinnamon/data/icons/hicolor_categories_scalable_cs-backgrounds.svg → /home/abhinav/ANT-OS/usr/share/icons/hicolor_categories_scalable_cs-backgrounds.svg
Moved: /home/abhinav/ANT-OS/linuxmint-source/cinnamon/data/icons/hicolor_categories_scalable_cs-panel.svg → /home/abhinav/ANT-OS/usr/share/icons/hicolor_categories_scalable_cs-panel.svg
Moved: /home/abhinav/ANT-OS/linuxmint-source/cinnamon/data/icons/hicolor_categories_scalable_cs-screensaver.svg → /home/abhinav/ANT-OS/usr/share/icons/hicolor_categories_scalable_cs-screensaver.svg
Moved: /home/abhinav/ANT-OS/linuxmint-source/cinnamon/data/icons/hicolor_devices_scalable_audio-speaker-left-back.svg → /home/abhinav/ANT-OS/usr/share/icons/hicolor_devices_scalable_audio-speaker-left-back.svg
Moved: /home/abhinav/ANT-OS/linuxmint-source/cinnamon/data/icons/hicolor_categories_scalable_cs-firewall.svg → /home/abhinav/ANT-OS/usr/share/icons/hicolor_categories_scalable_cs-firewall.svg
Moved: /home/abhinav/ANT-OS/linuxmint-source/cinnamon/data/icons/hicolor_categories_scalable_cs-keyboard.svg → /home/abhinav/ANT-OS/usr/share/icons/hicolor_categories_scalable_cs-keyboard.svg
Moved: /home/abhinav/ANT-OS/linuxmint-source/cinnamon/data/icons/hicolor_categories_scalable_cs-actions.svg → /home/abhinav/ANT-OS/usr/share/icons/hicolor_categories_scalable_cs-actions.svg
Moved: /home/abhinav/ANT-OS/linuxmint-source/cinnamon/data/icons/hicolor_actions_scalable_view-reveal-symbolic.svg → /home/abhinav/ANT-OS/usr/share/icons/hicolor_actions_scalable_view-reveal-symbolic.svg
Moved: /home/abhinav/ANT-OS/linuxmint-source/cinnamon/data/icons/hicolor_categories_scalable_cs-cat-hardware.svg → /home/abhinav/ANT-OS/usr/share/icons/hicolor_categories_scalable_cs-cat-hardware.svg
Moved: /home/abhinav/ANT-OS/linuxmint-source/cinnamon/data/icons/hicolor_categories_scalable_cs-power.svg → /home/abhinav/ANT-OS/usr/share/icons/hicolor_categories_scalable_cs-power.svg
Moved: /home/abhinav/ANT-OS/linuxmint-source/cinnamon/data/icons/hicolor_categories_scalable_cs-mouse.svg → /home/abhinav/ANT-OS/usr/share/icons/hicolor_categories_scalable_cs-mouse.svg
Moved: /home/abhinav/ANT-OS/linuxmint-source/cinnamon/data/icons/hicolor_devices_scalable_audio-subwoofer.svg → /home/abhinav/ANT-OS/usr/share/icons/hicolor_devices_scalable_audio-subwoofer.svg
Moved: /home/abhinav/ANT-OS/linuxmint-source/cinnamon/data/icons/hicolor_categories_scalable_cs-screen.svg → /home/abhinav/ANT-OS/usr/share/icons/hicolor_categories_scalable_cs-screen.svg
Moved: /home/abhinav/ANT-OS/linuxmint-source/cinnamon/data/icons/hicolor_categories_scalable_cs-desktop-effects.svg → /home/abhinav/ANT-OS/usr/share/icons/hicolor_categories_scalable_cs-desktop-effects.svg
Moved: /home/abhinav/ANT-OS/linuxmint-source/cinnamon/data/icons/hicolor_categories_scalable_cs-color.svg → /home/abhinav/ANT-OS/usr/share/icons/hicolor_categories_scalable_cs-color.svg
Moved: /home/abhinav/ANT-OS/linuxmint-source/cinnamon/data/icons/hicolor_categories_scalable_cs-user-accounts.svg → /home/abhinav/ANT-OS/usr/share/icons/hicolor_categories_scalable_cs-user-accounts.svg
Moved: /home/abhinav/ANT-OS/linuxmint-source/cinnamon/data/icons/hicolor_categories_scalable_cs-cat-appearance.svg → /home/abhinav/ANT-OS/usr/share/icons/hicolor_categories_scalable_cs-cat-appearance.svg
Moved: /home/abhinav/ANT-OS/linuxmint-source/cinnamon/data/icons/hicolor_apps_scalable_cinnamon-virtual-keyboard.svg → /home/abhinav/ANT-OS/usr/share/icons/hicolor_apps_scalable_cinnamon-virtual-keyboard.svg
Moved: /home/abhinav/ANT-OS/linuxmint-source/cinnamon/data/icons/hicolor_emblems_scalable_cs-xlet-update.svg → /home/abhinav/ANT-OS/usr/share/icons/hicolor_emblems_scalable_cs-xlet-update.svg
Moved: /home/abhinav/ANT-OS/linuxmint-source/cinnamon/data/icons/hicolor_categories_scalable_cs-notifications.svg → /home/abhinav/ANT-OS/usr/share/icons/hicolor_categories_scalable_cs-notifications.svg
Moved: /home/abhinav/ANT-OS/linuxmint-source/cinnamon/data/icons/hicolor_actions_scalable_pan-start-symbolic-rtl.svg → /home/abhinav/ANT-OS/usr/share/icons/hicolor_actions_scalable_pan-start-symbolic-rtl.svg
Moved: /home/abhinav/ANT-OS/linuxmint-source/cinnamon/data/icons/hicolor_apps_scalable_removable-drives.svg → /home/abhinav/ANT-OS/usr/share/icons/hicolor_apps_scalable_removable-drives.svg
Moved: /home/abhinav/ANT-OS/linuxmint-source/cinnamon/data/icons/hicolor_categories_scalable_cs-nightlight.svg → /home/abhinav/ANT-OS/usr/share/icons/hicolor_categories_scalable_cs-nightlight.svg
Moved: /home/abhinav/ANT-OS/linuxmint-source/cinnamon/data/icons/hicolor_actions_24x24_cinnamon-hc-double-click.png → /home/abhinav/ANT-OS/usr/share/icons/hicolor_actions_24x24_cinnamon-hc-double-click.png
Moved: /home/abhinav/ANT-OS/linuxmint-source/cinnamon/data/icons/hicolor_categories_scalable_cs-input-method.svg → /home/abhinav/ANT-OS/usr/share/icons/hicolor_categories_scalable_cs-input-method.svg
Moved: /home/abhinav/ANT-OS/linuxmint-source/cinnamon/data/icons/hicolor_categories_scalable_cs-startup-programs.svg → /home/abhinav/ANT-OS/usr/share/icons/hicolor_categories_scalable_cs-startup-programs.svg
Moved: /home/abhinav/ANT-OS/linuxmint-source/cinnamon/data/icons/find_icons.sh → /home/abhinav/ANT-OS/usr/bin/find_icons.sh
Moved: /home/abhinav/ANT-OS/linuxmint-source/cinnamon/data/icons/hicolor_categories_scalable_cs-login.svg → /home/abhinav/ANT-OS/usr/share/icons/hicolor_categories_scalable_cs-login.svg
Moved: /home/abhinav/ANT-OS/linuxmint-source/cinnamon/data/icons/hicolor_devices_scalable_audio-speaker-right.svg → /home/abhinav/ANT-OS/usr/share/icons/hicolor_devices_scalable_audio-speaker-right.svg
Moved: /home/abhinav/ANT-OS/linuxmint-source/cinnamon/data/icons/hicolor_categories_scalable_cs-bluetooth.svg → /home/abhinav/ANT-OS/usr/share/icons/hicolor_categories_scalable_cs-bluetooth.svg
Moved: /home/abhinav/ANT-OS/linuxmint-source/cinnamon/data/icons/hicolor_emblems_scalable_cs-xlet-danger.svg → /home/abhinav/ANT-OS/usr/share/icons/hicolor_emblems_scalable_cs-xlet-danger.svg
Moved: /home/abhinav/ANT-OS/linuxmint-source/cinnamon/data/xdg-portal/x-cinnamon-portals.conf → /home/abhinav/ANT-OS/etc/x-cinnamon-portals.conf
Moved: /home/abhinav/ANT-OS/linuxmint-source/cinnamon/data/theme/radio.svg → /home/abhinav/ANT-OS/usr/share/icons/radio.svg
Moved: /home/abhinav/ANT-OS/linuxmint-source/cinnamon/data/theme/add-workspace.svg → /home/abhinav/ANT-OS/usr/share/icons/add-workspace.svg
Moved: /home/abhinav/ANT-OS/linuxmint-source/cinnamon/data/theme/close.svg → /home/abhinav/ANT-OS/usr/share/icons/close.svg
Moved: /home/abhinav/ANT-OS/linuxmint-source/cinnamon/data/theme/calendar-arrow-right-hover.svg → /home/abhinav/ANT-OS/usr/share/icons/calendar-arrow-right-hover.svg
Moved: /home/abhinav/ANT-OS/linuxmint-source/cinnamon/data/theme/thumbnail.png → /home/abhinav/ANT-OS/usr/share/icons/thumbnail.png
Moved: /home/abhinav/ANT-OS/linuxmint-source/cinnamon/data/theme/calendar-arrow-left.svg → /home/abhinav/ANT-OS/usr/share/icons/calendar-arrow-left.svg
Moved: /home/abhinav/ANT-OS/linuxmint-source/cinnamon/data/theme/corner-ripple.png → /home/abhinav/ANT-OS/usr/share/icons/corner-ripple.png
Moved: /home/abhinav/ANT-OS/linuxmint-source/cinnamon/data/theme/thumbnail-generic.png → /home/abhinav/ANT-OS/usr/share/icons/thumbnail-generic.png
Moved: /home/abhinav/ANT-OS/linuxmint-source/cinnamon/data/theme/toggle-on.svg → /home/abhinav/ANT-OS/usr/share/icons/toggle-on.svg
Moved: /home/abhinav/ANT-OS/linuxmint-source/cinnamon/data/theme/checkbox-off.svg → /home/abhinav/ANT-OS/usr/share/icons/checkbox-off.svg
Moved: /home/abhinav/ANT-OS/linuxmint-source/cinnamon/data/theme/calendar-arrow-right.svg → /home/abhinav/ANT-OS/usr/share/icons/calendar-arrow-right.svg
Moved: /home/abhinav/ANT-OS/linuxmint-source/cinnamon/data/theme/trash-icon.svg → /home/abhinav/ANT-OS/usr/share/icons/trash-icon.svg
Moved: /home/abhinav/ANT-OS/linuxmint-source/cinnamon/data/theme/toggle-off.svg → /home/abhinav/ANT-OS/usr/share/icons/toggle-off.svg
Moved: /home/abhinav/ANT-OS/linuxmint-source/cinnamon/data/theme/checkbox.svg → /home/abhinav/ANT-OS/usr/share/icons/checkbox.svg
Moved: /home/abhinav/ANT-OS/linuxmint-source/cinnamon/data/theme/add-workspace-hover.svg → /home/abhinav/ANT-OS/usr/share/icons/add-workspace-hover.svg
Moved: /home/abhinav/ANT-OS/linuxmint-source/cinnamon/data/theme/calendar-arrow-left-hover.svg → /home/abhinav/ANT-OS/usr/share/icons/calendar-arrow-left-hover.svg
Moved: /home/abhinav/ANT-OS/linuxmint-source/cinnamon/data/theme/menu-symbolic.svg → /home/abhinav/ANT-OS/usr/share/icons/menu-symbolic.svg
Moved: /home/abhinav/ANT-OS/linuxmint-source/cinnamon/data/theme/radio-off.svg → /home/abhinav/ANT-OS/usr/share/icons/radio-off.svg
Moved: /home/abhinav/ANT-OS/linuxmint-source/cinnamon/tests/testcommon/200-200.svg → /home/abhinav/ANT-OS/usr/share/icons/200-200.svg
Moved: /home/abhinav/ANT-OS/linuxmint-source/cinnamon/tests/testcommon/border-image.png → /home/abhinav/ANT-OS/usr/share/icons/border-image.png
Moved: /home/abhinav/ANT-OS/linuxmint-source/cinnamon/tests/testcommon/face-plain.png → /home/abhinav/ANT-OS/usr/share/icons/face-plain.png
Moved: /home/abhinav/ANT-OS/linuxmint-source/cinnamon/tests/testcommon/200-100.svg → /home/abhinav/ANT-OS/usr/share/icons/200-100.svg
Moved: /home/abhinav/ANT-OS/linuxmint-source/cinnamon/tests/testcommon/100-200.svg → /home/abhinav/ANT-OS/usr/share/icons/100-200.svg
Moved: /home/abhinav/ANT-OS/linuxmint-source/mintwelcome/screencaptures/welcome_screen_mint_21_1.png → /home/abhinav/ANT-OS/usr/share/icons/welcome_screen_mint_21_1.png
Moved: /home/abhinav/ANT-OS/linuxmint-source/mintwelcome/screencaptures/welcome_screen_mint_19_3.png → /home/abhinav/ANT-OS/usr/share/icons/welcome_screen_mint_19_3.png
Moved: /home/abhinav/ANT-OS/linuxmint-source/mintwelcome/usr/share/pixmaps/mintwelcome.svg → /home/abhinav/ANT-OS/usr/share/icons/mintwelcome.svg
Moved: /home/abhinav/ANT-OS/linuxmint-source/mintwelcome/usr/share/icons/hicolor/scalable/apps/mintwelcome.svg → /home/abhinav/ANT-OS/usr/share/icons/mintwelcome.svg
Moved: /home/abhinav/ANT-OS/linuxmint-source/xapps/docs/reference/left-insensitive.png → /home/abhinav/ANT-OS/usr/share/icons/left-insensitive.png
Moved: /home/abhinav/ANT-OS/linuxmint-source/xapps/docs/reference/right.png → /home/abhinav/ANT-OS/usr/share/icons/right.png
Moved: /home/abhinav/ANT-OS/linuxmint-source/xapps/docs/reference/right-insensitive.png → /home/abhinav/ANT-OS/usr/share/icons/right-insensitive.png
Moved: /home/abhinav/ANT-OS/linuxmint-source/xapps/docs/reference/left.png → /home/abhinav/ANT-OS/usr/share/icons/left.png
Moved: /home/abhinav/ANT-OS/linuxmint-source/xapps/docs/reference/home.png → /home/abhinav/ANT-OS/usr/share/icons/home.png
Moved: /home/abhinav/ANT-OS/linuxmint-source/xapps/docs/reference/up.png → /home/abhinav/ANT-OS/usr/share/icons/up.png
Moved: /home/abhinav/ANT-OS/linuxmint-source/xapps/docs/reference/up-insensitive.png → /home/abhinav/ANT-OS/usr/share/icons/up-insensitive.png
Moved: /home/abhinav/ANT-OS/linuxmint-source/xapps/icons/hicolor/scalable/categories/xapp-prefs-toolbar-symbolic.svg → /home/abhinav/ANT-OS/usr/share/icons/xapp-prefs-toolbar-symbolic.svg
Moved: /home/abhinav/ANT-OS/linuxmint-source/xapps/icons/hicolor/scalable/categories/xapp-prefs-behavior-symbolic.svg → /home/abhinav/ANT-OS/usr/share/icons/xapp-prefs-behavior-symbolic.svg
Moved: /home/abhinav/ANT-OS/linuxmint-source/xapps/icons/hicolor/scalable/categories/xapp-prefs-preview-symbolic.svg → /home/abhinav/ANT-OS/usr/share/icons/xapp-prefs-preview-symbolic.svg
Moved: /home/abhinav/ANT-OS/linuxmint-source/xapps/icons/hicolor/scalable/categories/xapp-prefs-plugins-symbolic.svg → /home/abhinav/ANT-OS/usr/share/icons/xapp-prefs-plugins-symbolic.svg
Moved: /home/abhinav/ANT-OS/linuxmint-source/xapps/icons/hicolor/scalable/categories/xapp-prefs-display-symbolic.svg → /home/abhinav/ANT-OS/usr/share/icons/xapp-prefs-display-symbolic.svg
Moved: /home/abhinav/ANT-OS/linuxmint-source/xapps/icons/hicolor/scalable/apps/xapp-favorites-app-symbolic.svg → /home/abhinav/ANT-OS/usr/share/icons/xapp-favorites-app-symbolic.svg
Moved: /home/abhinav/ANT-OS/linuxmint-source/xapps/icons/hicolor/scalable/apps/xapp-favorites-app.svg → /home/abhinav/ANT-OS/usr/share/icons/xapp-favorites-app.svg
Moved: /home/abhinav/ANT-OS/linuxmint-source/xapps/icons/hicolor/scalable/apps/xapp-mate-status-applet.svg → /home/abhinav/ANT-OS/usr/share/icons/xapp-mate-status-applet.svg
Moved: /home/abhinav/ANT-OS/linuxmint-source/xapps/icons/hicolor/scalable/actions/xapp-diaporama-symbolic.svg → /home/abhinav/ANT-OS/usr/share/icons/xapp-diaporama-symbolic.svg
Moved: /home/abhinav/ANT-OS/linuxmint-source/xapps/icons/hicolor/scalable/actions/xapp-annotations-squiggly-symbolic.svg → /home/abhinav/ANT-OS/usr/share/icons/xapp-annotations-squiggly-symbolic.svg
Moved: /home/abhinav/ANT-OS/linuxmint-source/xapps/icons/hicolor/scalable/actions/xapp-search-entire-word-symbolic.svg → /home/abhinav/ANT-OS/usr/share/icons/xapp-search-entire-word-symbolic.svg
Moved: /home/abhinav/ANT-OS/linuxmint-source/xapps/icons/hicolor/scalable/actions/view-right-pane-symbolic-rtl.svg → /home/abhinav/ANT-OS/usr/share/icons/view-right-pane-symbolic-rtl.svg
Moved: /home/abhinav/ANT-OS/linuxmint-source/xapps/icons/hicolor/scalable/actions/view-left-pane-symbolic-rtl.svg → /home/abhinav/ANT-OS/usr/share/icons/view-left-pane-symbolic-rtl.svg
Moved: /home/abhinav/ANT-OS/linuxmint-source/xapps/icons/hicolor/scalable/actions/xapp-view-fit-height-symbolic.svg → /home/abhinav/ANT-OS/usr/share/icons/xapp-view-fit-height-symbolic.svg
Moved: /home/abhinav/ANT-OS/linuxmint-source/xapps/icons/hicolor/scalable/actions/media-mount-symbolic.svg → /home/abhinav/ANT-OS/usr/share/icons/media-mount-symbolic.svg
Moved: /home/abhinav/ANT-OS/linuxmint-source/xapps/icons/hicolor/scalable/actions/extract-archive-symbolic.svg → /home/abhinav/ANT-OS/usr/share/icons/extract-archive-symbolic.svg
Moved: /home/abhinav/ANT-OS/linuxmint-source/xapps/icons/hicolor/scalable/actions/xapp-pin-symbolic.svg → /home/abhinav/ANT-OS/usr/share/icons/xapp-pin-symbolic.svg
Moved: /home/abhinav/ANT-OS/linuxmint-source/xapps/icons/hicolor/scalable/actions/category-search-symbolic.svg → /home/abhinav/ANT-OS/usr/share/icons/category-search-symbolic.svg
Moved: /home/abhinav/ANT-OS/linuxmint-source/xapps/icons/hicolor/scalable/actions/xapp-go-history-next-symbolic.svg → /home/abhinav/ANT-OS/usr/share/icons/xapp-go-history-next-symbolic.svg
Moved: /home/abhinav/ANT-OS/linuxmint-source/xapps/icons/hicolor/scalable/actions/xapp-format-text-highlight-symbolic.svg → /home/abhinav/ANT-OS/usr/share/icons/xapp-format-text-highlight-symbolic.svg
Moved: /home/abhinav/ANT-OS/linuxmint-source/xapps/icons/hicolor/scalable/actions/view-right-pane-symbolic.svg → /home/abhinav/ANT-OS/usr/share/icons/view-right-pane-symbolic.svg
Moved: /home/abhinav/ANT-OS/linuxmint-source/xapps/icons/hicolor/scalable/actions/xapp-go-history-previous-symbolic.svg → /home/abhinav/ANT-OS/usr/share/icons/xapp-go-history-previous-symbolic.svg
Moved: /home/abhinav/ANT-OS/linuxmint-source/xapps/icons/hicolor/scalable/actions/xapp-search-wrap-symbolic.svg → /home/abhinav/ANT-OS/usr/share/icons/xapp-search-wrap-symbolic.svg
Moved: /home/abhinav/ANT-OS/linuxmint-source/xapps/icons/hicolor/scalable/actions/view-bottom-pane-symbolic.svg → /home/abhinav/ANT-OS/usr/share/icons/view-bottom-pane-symbolic.svg
Moved: /home/abhinav/ANT-OS/linuxmint-source/xapps/icons/hicolor/scalable/actions/view-left-pane-symbolic.svg → /home/abhinav/ANT-OS/usr/share/icons/view-left-pane-symbolic.svg
Moved: /home/abhinav/ANT-OS/linuxmint-source/xapps/icons/hicolor/scalable/actions/add-files-to-archive-symbolic.svg → /home/abhinav/ANT-OS/usr/share/icons/add-files-to-archive-symbolic.svg
Moved: /home/abhinav/ANT-OS/linuxmint-source/xapps/icons/hicolor/scalable/actions/xapp-view-fit-width-symbolic.svg → /home/abhinav/ANT-OS/usr/share/icons/xapp-view-fit-width-symbolic.svg
Moved: /home/abhinav/ANT-OS/linuxmint-source/xapps/icons/hicolor/scalable/actions/xapp-go-history-next-symbolic-rtl.svg → /home/abhinav/ANT-OS/usr/share/icons/xapp-go-history-next-symbolic-rtl.svg
Moved: /home/abhinav/ANT-OS/linuxmint-source/xapps/icons/hicolor/scalable/actions/xapp-favorite-symbolic.svg → /home/abhinav/ANT-OS/usr/share/icons/xapp-favorite-symbolic.svg
Moved: /home/abhinav/ANT-OS/linuxmint-source/xapps/icons/hicolor/scalable/actions/view-top-pane-symbolic.svg → /home/abhinav/ANT-OS/usr/share/icons/view-top-pane-symbolic.svg
Moved: /home/abhinav/ANT-OS/linuxmint-source/xapps/icons/hicolor/scalable/actions/xapp-unfavorite-symbolic.svg → /home/abhinav/ANT-OS/usr/share/icons/xapp-unfavorite-symbolic.svg
Moved: /home/abhinav/ANT-OS/linuxmint-source/xapps/icons/hicolor/scalable/actions/xapp-use-regex-symbolic.svg → /home/abhinav/ANT-OS/usr/share/icons/xapp-use-regex-symbolic.svg
Moved: /home/abhinav/ANT-OS/linuxmint-source/xapps/icons/hicolor/scalable/actions/xapp-go-history-previous-symbolic-rtl.svg → /home/abhinav/ANT-OS/usr/share/icons/xapp-go-history-previous-symbolic-rtl.svg
Moved: /home/abhinav/ANT-OS/linuxmint-source/xapps/icons/hicolor/scalable/actions/xapp-edit-symbolic.svg → /home/abhinav/ANT-OS/usr/share/icons/xapp-edit-symbolic.svg
Moved: /home/abhinav/ANT-OS/linuxmint-source/xapps/icons/hicolor/scalable/actions/xapp-text-case-symbolic.svg → /home/abhinav/ANT-OS/usr/share/icons/xapp-text-case-symbolic.svg
Moved: /home/abhinav/ANT-OS/linuxmint-source/xapps/icons/hicolor/scalable/actions/xapp-unpin-symbolic.svg → /home/abhinav/ANT-OS/usr/share/icons/xapp-unpin-symbolic.svg
Moved: /home/abhinav/ANT-OS/linuxmint-source/xapps/icons/hicolor/scalable/actions/xapp-annotations-text-symbolic.svg → /home/abhinav/ANT-OS/usr/share/icons/xapp-annotations-text-symbolic.svg
Moved: /home/abhinav/ANT-OS/linuxmint-source/xapps/icons/hicolor/scalable/places/xapp-user-favorites.svg → /home/abhinav/ANT-OS/usr/share/icons/xapp-user-favorites.svg
Moved: /home/abhinav/ANT-OS/linuxmint-source/xapps/icons/hicolor/scalable/places/xapp-user-favorites-symbolic.svg → /home/abhinav/ANT-OS/usr/share/icons/xapp-user-favorites-symbolic.svg
Moved: /home/abhinav/ANT-OS/linuxmint-source/xapps/icons/hicolor/scalable/emblems/emblem-xapp-favorite.svg → /home/abhinav/ANT-OS/usr/share/icons/emblem-xapp-favorite.svg
Moved: /home/abhinav/ANT-OS/linuxmint-source/xapps/data/80xapp-gtk3-module.sh → /home/abhinav/ANT-OS/usr/bin/80xapp-gtk3-module.sh
Moved: /home/abhinav/ANT-OS/linuxmint-source/xapps/test-scripts/xapp-status-icon-variants/dialog-error.png → /home/abhinav/ANT-OS/usr/share/icons/dialog-error.png
Moved: /home/abhinav/ANT-OS/linuxmint-source/xapps/test-scripts/xapp-status-icon-variants/dialog-warning.png → /home/abhinav/ANT-OS/usr/share/icons/dialog-warning.png
Moved: /home/abhinav/ANT-OS/config/plymouth.conf → /home/abhinav/ANT-OS/etc/plymouth.conf
Moved: /home/abhinav/ANT-OS/organize_files.sh → /home/abhinav/ANT-OS/usr/bin/organize_files.sh
Moved: /home/abhinav/ANT-OS/scripts/build.sh → /home/abhinav/ANT-OS/usr/bin/build.sh
Moved: /home/abhinav/ANT-OS/scripts/install.sh → /home/abhinav/ANT-OS/usr/bin/install.sh
Moved: /home/abhinav/ANT-OS/scripts/setup-environment.sh → /home/abhinav/ANT-OS/usr/bin/setup-environment.sh
